<?xml version="1.0" encoding="UTF-8"?>
<coverage generated="1766886748861" clover="3.2.0">
  <project timestamp="1766886748862" name="All files">
    <metrics statements="428" coveredstatements="239" conditionals="255" coveredconditionals="123" methods="137" coveredmethods="69" elements="820" coveredelements="431" complexity="0" loc="428" ncloc="428" packages="6" files="12" classes="12"/>
    <package name="src">
      <metrics statements="15" coveredstatements="13" conditionals="15" coveredconditionals="11" methods="4" coveredmethods="4"/>
      <file name="App.jsx" path="/home/SomeWhereMan/UniShit/SW302/Assignments/Assignment3/KanBanBoard/kanban-board-client/src/App.jsx">
        <metrics statements="15" coveredstatements="13" conditionals="15" coveredconditionals="11" methods="4" coveredmethods="4"/>
        <line num="7" count="6" type="stmt"/>
        <line num="8" count="6" type="stmt"/>
        <line num="11" count="6" type="stmt"/>
        <line num="12" count="4" type="stmt"/>
        <line num="13" count="2" type="stmt"/>
        <line num="14" count="2" type="cond" truecount="1" falsecount="1"/>
        <line num="16" count="2" type="cond" truecount="5" falsecount="0"/>
        <line num="17" count="1" type="stmt"/>
        <line num="18" count="1" type="stmt"/>
        <line num="21" count="2" type="cond" truecount="1" falsecount="1"/>
        <line num="25" count="0" type="stmt"/>
        <line num="26" count="0" type="stmt"/>
        <line num="30" count="4" type="stmt"/>
        <line num="31" count="4" type="stmt"/>
        <line num="34" count="6" type="stmt"/>
      </file>
    </package>
    <package name="src.components">
      <metrics statements="184" coveredstatements="98" conditionals="114" coveredconditionals="43" methods="58" coveredmethods="30"/>
      <file name="Board.jsx" path="/home/SomeWhereMan/UniShit/SW302/Assignments/Assignment3/KanBanBoard/kanban-board-client/src/components/Board.jsx">
        <metrics statements="5" coveredstatements="5" conditionals="4" coveredconditionals="3" methods="4" coveredmethods="4"/>
        <line num="5" count="13" type="stmt"/>
        <line num="6" count="13" type="cond" truecount="1" falsecount="1"/>
        <line num="8" count="13" type="stmt"/>
        <line num="13" count="4" type="stmt"/>
        <line num="25" count="5" type="stmt"/>
      </file>
      <file name="Card.jsx" path="/home/SomeWhereMan/UniShit/SW302/Assignments/Assignment3/KanBanBoard/kanban-board-client/src/components/Card.jsx">
        <metrics statements="36" coveredstatements="26" conditionals="21" coveredconditionals="12" methods="14" coveredmethods="8"/>
        <line num="5" count="4" type="stmt"/>
        <line num="8" count="23" type="stmt"/>
        <line num="9" count="23" type="stmt"/>
        <line num="10" count="23" type="stmt"/>
        <line num="11" count="23" type="stmt"/>
        <line num="12" count="23" type="stmt"/>
        <line num="15" count="23" type="stmt"/>
        <line num="16" count="9" type="stmt"/>
        <line num="19" count="23" type="stmt"/>
        <line num="20" count="0" type="cond" truecount="0" falsecount="2"/>
        <line num="21" count="0" type="stmt"/>
        <line num="25" count="23" type="stmt"/>
        <line num="26" count="1" type="stmt"/>
        <line num="27" count="1" type="stmt"/>
        <line num="28" count="1" type="stmt"/>
        <line num="32" count="1" type="stmt"/>
        <line num="34" count="1" type="stmt"/>
        <line num="37" count="23" type="stmt"/>
        <line num="38" count="0" type="stmt"/>
        <line num="39" count="0" type="stmt"/>
        <line num="42" count="23" type="stmt"/>
        <line num="53" count="27" type="cond" truecount="4" falsecount="1"/>
        <line num="54" count="0" type="stmt"/>
        <line num="55" count="0" type="stmt"/>
        <line num="64" count="0" type="stmt"/>
        <line num="66" count="0" type="cond" truecount="0" falsecount="2"/>
        <line num="73" count="5" type="stmt"/>
        <line num="74" count="5" type="stmt"/>
        <line num="79" count="1" type="cond" truecount="2" falsecount="2"/>
        <line num="80" count="1" type="stmt"/>
        <line num="81" count="1" type="stmt"/>
        <line num="82" count="1" type="stmt"/>
        <line num="95" count="1" type="stmt"/>
        <line num="96" count="1" type="stmt"/>
        <line num="98" count="0" type="stmt"/>
        <line num="117" count="0" type="stmt"/>
      </file>
      <file name="CardModal.jsx" path="/home/SomeWhereMan/UniShit/SW302/Assignments/Assignment3/KanBanBoard/kanban-board-client/src/components/CardModal.jsx">
        <metrics statements="65" coveredstatements="42" conditionals="42" coveredconditionals="15" methods="19" coveredmethods="9"/>
        <line num="5" count="36" type="stmt"/>
        <line num="6" count="36" type="cond" truecount="1" falsecount="1"/>
        <line num="7" count="36" type="cond" truecount="1" falsecount="1"/>
        <line num="8" count="36" type="cond" truecount="1" falsecount="1"/>
        <line num="9" count="36" type="stmt"/>
        <line num="10" count="36" type="stmt"/>
        <line num="11" count="36" type="stmt"/>
        <line num="14" count="36" type="stmt"/>
        <line num="15" count="5" type="cond" truecount="1" falsecount="1"/>
        <line num="16" count="5" type="cond" truecount="1" falsecount="1"/>
        <line num="17" count="5" type="cond" truecount="1" falsecount="1"/>
        <line num="18" count="5" type="cond" truecount="1" falsecount="1"/>
        <line num="23" count="36" type="stmt"/>
        <line num="24" count="5" type="cond" truecount="1" falsecount="1"/>
        <line num="26" count="5" type="stmt"/>
        <line num="27" count="5" type="stmt"/>
        <line num="30" count="5" type="stmt"/>
        <line num="31" count="5" type="stmt"/>
        <line num="34" count="5" type="cond" truecount="1" falsecount="1"/>
        <line num="35" count="5" type="stmt"/>
        <line num="38" count="5" type="stmt"/>
        <line num="39" count="27" type="cond" truecount="2" falsecount="0"/>
        <line num="41" count="2" type="cond" truecount="1" falsecount="1"/>
        <line num="42" count="0" type="cond" truecount="0" falsecount="2"/>
        <line num="43" count="0" type="stmt"/>
        <line num="44" count="0" type="stmt"/>
        <line num="47" count="2" type="cond" truecount="1" falsecount="1"/>
        <line num="48" count="0" type="stmt"/>
        <line num="49" count="0" type="stmt"/>
        <line num="54" count="5" type="stmt"/>
        <line num="55" count="27" type="cond" truecount="1" falsecount="1"/>
        <line num="56" count="0" type="stmt"/>
        <line num="60" count="5" type="stmt"/>
        <line num="61" count="5" type="stmt"/>
        <line num="64" count="5" type="stmt"/>
        <line num="66" count="5" type="stmt"/>
        <line num="67" count="5" type="stmt"/>
        <line num="68" count="5" type="stmt"/>
        <line num="69" count="5" type="stmt"/>
        <line num="74" count="36" type="stmt"/>
        <line num="75" count="0" type="cond" truecount="0" falsecount="2"/>
        <line num="76" count="0" type="stmt"/>
        <line num="80" count="36" type="stmt"/>
        <line num="81" count="0" type="stmt"/>
        <line num="82" count="0" type="cond" truecount="0" falsecount="4"/>
        <line num="83" count="0" type="stmt"/>
        <line num="84" count="0" type="stmt"/>
        <line num="88" count="36" type="stmt"/>
        <line num="89" count="0" type="stmt"/>
        <line num="92" count="36" type="stmt"/>
        <line num="93" count="0" type="cond" truecount="0" falsecount="2"/>
        <line num="94" count="0" type="stmt"/>
        <line num="95" count="0" type="stmt"/>
        <line num="99" count="36" type="stmt"/>
        <line num="100" count="0" type="cond" truecount="0" falsecount="2"/>
        <line num="101" count="0" type="stmt"/>
        <line num="106" count="0" type="stmt"/>
        <line num="109" count="36" type="cond" truecount="1" falsecount="1"/>
        <line num="111" count="36" type="stmt"/>
        <line num="122" count="2" type="stmt"/>
        <line num="155" count="27" type="stmt"/>
        <line num="174" count="0" type="stmt"/>
        <line num="194" count="0" type="stmt"/>
        <line num="209" count="0" type="stmt"/>
        <line num="216" count="0" type="stmt"/>
      </file>
      <file name="List.jsx" path="/home/SomeWhereMan/UniShit/SW302/Assignments/Assignment3/KanBanBoard/kanban-board-client/src/components/List.jsx">
        <metrics statements="78" coveredstatements="25" conditionals="47" coveredconditionals="13" methods="21" coveredmethods="9"/>
        <line num="7" count="31" type="stmt"/>
        <line num="8" count="31" type="stmt"/>
        <line num="9" count="31" type="stmt"/>
        <line num="10" count="31" type="stmt"/>
        <line num="11" count="31" type="stmt"/>
        <line num="13" count="31" type="stmt"/>
        <line num="14" count="1" type="cond" truecount="1" falsecount="1"/>
        <line num="15" count="1" type="stmt"/>
        <line num="19" count="31" type="stmt"/>
        <line num="22" count="1" type="stmt"/>
        <line num="23" count="1" type="stmt"/>
        <line num="26" count="31" type="stmt"/>
        <line num="27" count="0" type="stmt"/>
        <line num="28" count="0" type="stmt"/>
        <line num="29" count="0" type="stmt"/>
        <line num="30" count="0" type="stmt"/>
        <line num="31" count="0" type="stmt"/>
        <line num="32" count="0" type="stmt"/>
        <line num="33" count="0" type="cond" truecount="0" falsecount="4"/>
        <line num="34" count="0" type="stmt"/>
        <line num="41" count="31" type="stmt"/>
        <line num="43" count="0" type="stmt"/>
        <line num="44" count="0" type="stmt"/>
        <line num="48" count="31" type="stmt"/>
        <line num="49" count="0" type="stmt"/>
        <line num="50" count="0" type="stmt"/>
        <line num="51" count="0" type="stmt"/>
        <line num="52" count="0" type="stmt"/>
        <line num="53" count="0" type="stmt"/>
        <line num="54" count="0" type="stmt"/>
        <line num="55" count="0" type="cond" truecount="0" falsecount="4"/>
        <line num="56" count="0" type="stmt"/>
        <line num="63" count="31" type="stmt"/>
        <line num="65" count="0" type="stmt"/>
        <line num="66" count="0" type="stmt"/>
        <line num="67" count="0" type="stmt"/>
        <line num="68" count="0" type="stmt"/>
        <line num="71" count="31" type="stmt"/>
        <line num="73" count="0" type="cond" truecount="0" falsecount="2"/>
        <line num="74" count="0" type="stmt"/>
        <line num="75" count="0" type="stmt"/>
        <line num="79" count="31" type="stmt"/>
        <line num="86" count="13" type="cond" truecount="3" falsecount="1"/>
        <line num="87" count="0" type="stmt"/>
        <line num="88" count="0" type="stmt"/>
        <line num="102" count="13" type="stmt"/>
        <line num="104" count="13" type="cond" truecount="2" falsecount="0"/>
        <line num="110" count="3" type="stmt"/>
        <line num="119" count="1" type="stmt"/>
        <line num="120" count="1" type="stmt"/>
        <line num="122" count="0" type="stmt"/>
        <line num="147" count="0" type="stmt"/>
        <line num="148" count="0" type="cond" truecount="0" falsecount="2"/>
        <line num="151" count="0" type="stmt"/>
        <line num="152" count="0" type="stmt"/>
        <line num="153" count="0" type="stmt"/>
        <line num="154" count="0" type="stmt"/>
        <line num="155" count="0" type="stmt"/>
        <line num="156" count="0" type="stmt"/>
        <line num="157" count="0" type="cond" truecount="0" falsecount="4"/>
        <line num="159" count="0" type="cond" truecount="0" falsecount="2"/>
        <line num="163" count="0" type="stmt"/>
        <line num="165" count="0" type="stmt"/>
        <line num="173" count="0" type="stmt"/>
        <line num="174" count="0" type="stmt"/>
        <line num="175" count="0" type="stmt"/>
        <line num="176" count="0" type="cond" truecount="0" falsecount="4"/>
        <line num="177" count="0" type="stmt"/>
        <line num="178" count="0" type="stmt"/>
        <line num="179" count="0" type="stmt"/>
        <line num="180" count="0" type="stmt"/>
        <line num="187" count="0" type="stmt"/>
        <line num="188" count="0" type="cond" truecount="0" falsecount="2"/>
        <line num="189" count="0" type="stmt"/>
        <line num="193" count="0" type="stmt"/>
        <line num="215" count="1" type="stmt"/>
        <line num="216" count="1" type="stmt"/>
        <line num="218" count="0" type="stmt"/>
      </file>
    </package>
    <package name="src.context">
      <metrics statements="62" coveredstatements="61" conditionals="76" coveredconditionals="54" methods="10" coveredmethods="9"/>
      <file name="boardProvider.jsx" path="/home/SomeWhereMan/UniShit/SW302/Assignments/Assignment3/KanBanBoard/kanban-board-client/src/context/boardProvider.jsx">
        <metrics statements="3" coveredstatements="3" conditionals="0" coveredconditionals="0" methods="1" coveredmethods="1"/>
        <line num="9" count="6" type="stmt"/>
        <line num="16" count="87" type="stmt"/>
        <line num="22" count="81" type="stmt"/>
      </file>
      <file name="boardReducer.js" path="/home/SomeWhereMan/UniShit/SW302/Assignments/Assignment3/KanBanBoard/kanban-board-client/src/context/boardReducer.js">
        <metrics statements="59" coveredstatements="58" conditionals="76" coveredconditionals="54" methods="9" coveredmethods="8"/>
        <line num="5" count="105" type="cond" truecount="14" falsecount="0"/>
        <line num="7" count="41" type="stmt"/>
        <line num="8" count="41" type="stmt"/>
        <line num="14" count="41" type="stmt"/>
        <line num="26" count="16" type="stmt"/>
        <line num="27" count="16" type="stmt"/>
        <line num="29" count="16" type="stmt"/>
        <line num="30" count="0" type="stmt"/>
        <line num="33" count="14" type="stmt"/>
        <line num="40" count="14" type="stmt"/>
        <line num="58" count="12" type="stmt"/>
        <line num="59" count="12" type="stmt"/>
        <line num="65" count="12" type="stmt"/>
        <line num="76" count="4" type="stmt"/>
        <line num="77" count="4" type="stmt"/>
        <line num="83" count="4" type="stmt"/>
        <line num="97" count="5" type="stmt"/>
        <line num="98" count="5" type="stmt"/>
        <line num="99" count="5" type="stmt"/>
        <line num="100" count="3" type="stmt"/>
        <line num="101" count="3" type="stmt"/>
        <line num="104" count="3" type="stmt"/>
        <line num="111" count="3" type="stmt"/>
        <line num="118" count="3" type="stmt"/>
        <line num="122" count="4" type="cond" truecount="1" falsecount="1"/>
        <line num="131" count="6" type="stmt"/>
        <line num="132" count="6" type="stmt"/>
        <line num="133" count="6" type="stmt"/>
        <line num="134" count="6" type="stmt"/>
        <line num="140" count="6" type="stmt"/>
        <line num="147" count="5" type="stmt"/>
        <line num="158" count="4" type="stmt"/>
        <line num="159" count="4" type="stmt"/>
        <line num="160" count="4" type="stmt"/>
        <line num="162" count="4" type="stmt"/>
        <line num="164" count="4" type="stmt"/>
        <line num="165" count="4" type="stmt"/>
        <line num="166" count="4" type="stmt"/>
        <line num="168" count="4" type="stmt"/>
        <line num="175" count="4" type="stmt"/>
        <line num="194" count="1" type="stmt"/>
        <line num="195" count="1" type="cond" truecount="1" falsecount="1"/>
        <line num="196" count="1" type="stmt"/>
        <line num="197" count="1" type="stmt"/>
        <line num="198" count="1" type="cond" truecount="3" falsecount="1"/>
        <line num="200" count="1" type="stmt"/>
        <line num="201" count="1" type="stmt"/>
        <line num="204" count="1" type="stmt"/>
        <line num="213" count="7" type="cond" truecount="4" falsecount="0"/>
        <line num="215" count="6" type="stmt"/>
        <line num="217" count="6" type="stmt"/>
        <line num="228" count="2" type="cond" truecount="3" falsecount="1"/>
        <line num="230" count="2" type="stmt"/>
        <line num="232" count="2" type="stmt"/>
        <line num="243" count="3" type="stmt"/>
        <line num="246" count="2" type="stmt"/>
        <line num="249" count="3" type="stmt"/>
        <line num="254" count="1" type="stmt"/>
        <line num="257" count="1" type="stmt"/>
      </file>
    </package>
    <package name="src.hooks">
      <metrics statements="84" coveredstatements="57" conditionals="30" coveredconditionals="13" methods="28" coveredmethods="21"/>
      <file name="useBoardState.js" path="/home/SomeWhereMan/UniShit/SW302/Assignments/Assignment3/KanBanBoard/kanban-board-client/src/hooks/useBoardState.js">
        <metrics statements="31" coveredstatements="27" conditionals="3" coveredconditionals="3" methods="15" coveredmethods="11"/>
        <line num="5" count="160" type="stmt"/>
        <line num="6" count="160" type="cond" truecount="2" falsecount="0"/>
        <line num="7" count="2" type="stmt"/>
        <line num="9" count="158" type="stmt"/>
        <line num="11" count="158" type="stmt"/>
        <line num="12" count="3" type="stmt"/>
        <line num="15" count="158" type="stmt"/>
        <line num="16" count="0" type="stmt"/>
        <line num="19" count="158" type="stmt"/>
        <line num="20" count="0" type="stmt"/>
        <line num="24" count="158" type="stmt"/>
        <line num="25" count="19" type="stmt"/>
        <line num="28" count="158" type="stmt"/>
        <line num="30" count="5" type="stmt"/>
        <line num="37" count="158" type="stmt"/>
        <line num="39" count="4" type="stmt"/>
        <line num="43" count="158" type="stmt"/>
        <line num="45" count="1" type="stmt"/>
        <line num="52" count="158" type="stmt"/>
        <line num="54" count="0" type="stmt"/>
        <line num="61" count="158" type="stmt"/>
        <line num="62" count="2" type="stmt"/>
        <line num="65" count="158" type="stmt"/>
        <line num="67" count="2" type="stmt"/>
        <line num="71" count="158" type="stmt"/>
        <line num="72" count="158" type="stmt"/>
        <line num="74" count="158" type="stmt"/>
        <line num="76" count="1" type="stmt"/>
        <line num="83" count="158" type="stmt"/>
        <line num="85" count="0" type="stmt"/>
        <line num="89" count="158" type="stmt"/>
      </file>
      <file name="useOfflineSync.js" path="/home/SomeWhereMan/UniShit/SW302/Assignments/Assignment3/KanBanBoard/kanban-board-client/src/hooks/useOfflineSync.js">
        <metrics statements="53" coveredstatements="30" conditionals="27" coveredconditionals="10" methods="13" coveredmethods="10"/>
        <line num="16" count="9" type="stmt"/>
        <line num="18" count="9" type="stmt"/>
        <line num="19" count="9" type="stmt"/>
        <line num="20" count="9" type="stmt"/>
        <line num="23" count="9" type="stmt"/>
        <line num="24" count="9" type="stmt"/>
        <line num="29" count="9" type="stmt"/>
        <line num="32" count="7" type="cond" truecount="1" falsecount="1"/>
        <line num="33" count="7" type="stmt"/>
        <line num="35" count="7" type="stmt"/>
        <line num="36" count="7" type="stmt"/>
        <line num="38" count="7" type="cond" truecount="2" falsecount="0"/>
        <line num="40" count="3" type="stmt"/>
        <line num="45" count="3" type="cond" truecount="1" falsecount="1"/>
        <line num="47" count="3" type="stmt"/>
        <line num="49" count="3" type="cond" truecount="2" falsecount="0"/>
        <line num="50" count="2" type="stmt"/>
        <line num="58" count="7" type="stmt"/>
        <line num="63" count="9" type="stmt"/>
        <line num="64" count="9" type="stmt"/>
        <line num="65" count="9" type="stmt"/>
        <line num="70" count="9" type="stmt"/>
        <line num="71" count="0" type="cond" truecount="0" falsecount="2"/>
        <line num="72" count="0" type="cond" truecount="0" falsecount="2"/>
        <line num="74" count="0" type="stmt"/>
        <line num="75" count="0" type="cond" truecount="0" falsecount="4"/>
        <line num="77" count="0" type="stmt"/>
        <line num="79" count="0" type="stmt"/>
        <line num="81" count="0" type="stmt"/>
        <line num="82" count="0" type="stmt"/>
        <line num="83" count="0" type="stmt"/>
        <line num="84" count="0" type="stmt"/>
        <line num="85" count="0" type="stmt"/>
        <line num="88" count="0" type="cond" truecount="0" falsecount="2"/>
        <line num="93" count="0" type="cond" truecount="0" falsecount="2"/>
        <line num="95" count="0" type="stmt"/>
        <line num="96" count="0" type="stmt"/>
        <line num="99" count="0" type="stmt"/>
        <line num="102" count="0" type="stmt"/>
        <line num="106" count="0" type="stmt"/>
        <line num="107" count="0" type="stmt"/>
        <line num="109" count="0" type="stmt"/>
        <line num="115" count="9" type="stmt"/>
        <line num="116" count="7" type="stmt"/>
        <line num="117" count="7" type="stmt"/>
        <line num="122" count="9" type="stmt"/>
        <line num="123" count="7" type="stmt"/>
        <line num="124" count="7" type="stmt"/>
        <line num="129" count="9" type="stmt"/>
        <line num="130" count="9" type="cond" truecount="3" falsecount="2"/>
        <line num="132" count="0" type="stmt"/>
        <line num="133" count="0" type="stmt"/>
        <line num="135" count="0" type="stmt"/>
      </file>
    </package>
    <package name="src.services">
      <metrics statements="77" coveredstatements="5" conditionals="18" coveredconditionals="0" methods="31" coveredmethods="0"/>
      <file name="api.js" path="/home/SomeWhereMan/UniShit/SW302/Assignments/Assignment3/KanBanBoard/kanban-board-client/src/services/api.js">
        <metrics statements="28" coveredstatements="1" conditionals="10" coveredconditionals="0" methods="6" coveredmethods="0"/>
        <line num="1" count="1" type="stmt"/>
        <line num="6" count="0" type="stmt"/>
        <line num="11" count="0" type="stmt"/>
        <line num="17" count="0" type="stmt"/>
        <line num="19" count="0" type="cond" truecount="0" falsecount="2"/>
        <line num="20" count="0" type="stmt"/>
        <line num="25" count="0" type="stmt"/>
        <line num="31" count="0" type="stmt"/>
        <line num="37" count="0" type="cond" truecount="0" falsecount="2"/>
        <line num="38" count="0" type="stmt"/>
        <line num="39" count="0" type="stmt"/>
        <line num="40" count="0" type="stmt"/>
        <line num="41" count="0" type="stmt"/>
        <line num="42" count="0" type="stmt"/>
        <line num="45" count="0" type="cond" truecount="0" falsecount="2"/>
        <line num="46" count="0" type="stmt"/>
        <line num="49" count="0" type="stmt"/>
        <line num="55" count="0" type="stmt"/>
        <line num="56" count="0" type="stmt"/>
        <line num="58" count="0" type="cond" truecount="0" falsecount="2"/>
        <line num="59" count="0" type="stmt"/>
        <line num="62" count="0" type="stmt"/>
        <line num="64" count="0" type="stmt"/>
        <line num="65" count="0" type="stmt"/>
        <line num="72" count="0" type="stmt"/>
        <line num="78" count="0" type="cond" truecount="0" falsecount="2"/>
        <line num="79" count="0" type="stmt"/>
        <line num="82" count="0" type="stmt"/>
      </file>
      <file name="storage.js" path="/home/SomeWhereMan/UniShit/SW302/Assignments/Assignment3/KanBanBoard/kanban-board-client/src/services/storage.js">
        <metrics statements="49" coveredstatements="4" conditionals="8" coveredconditionals="0" methods="25" coveredmethods="0"/>
        <line num="1" count="1" type="stmt"/>
        <line num="2" count="1" type="stmt"/>
        <line num="4" count="1" type="stmt"/>
        <line num="5" count="1" type="stmt"/>
        <line num="11" count="0" type="stmt"/>
        <line num="12" count="0" type="stmt"/>
        <line num="14" count="0" type="stmt"/>
        <line num="15" count="0" type="stmt"/>
        <line num="17" count="0" type="cond" truecount="0" falsecount="2"/>
        <line num="18" count="0" type="stmt"/>
        <line num="21" count="0" type="cond" truecount="0" falsecount="2"/>
        <line num="22" count="0" type="stmt"/>
        <line num="26" count="0" type="stmt"/>
        <line num="27" count="0" type="stmt"/>
        <line num="35" count="0" type="stmt"/>
        <line num="37" count="0" type="stmt"/>
        <line num="38" count="0" type="stmt"/>
        <line num="39" count="0" type="stmt"/>
        <line num="41" count="0" type="stmt"/>
        <line num="43" count="0" type="stmt"/>
        <line num="44" count="0" type="stmt"/>
        <line num="52" count="0" type="stmt"/>
        <line num="54" count="0" type="stmt"/>
        <line num="55" count="0" type="stmt"/>
        <line num="56" count="0" type="stmt"/>
        <line num="58" count="0" type="stmt"/>
        <line num="60" count="0" type="cond" truecount="0" falsecount="2"/>
        <line num="61" count="0" type="stmt"/>
        <line num="69" count="0" type="stmt"/>
        <line num="71" count="0" type="stmt"/>
        <line num="72" count="0" type="stmt"/>
        <line num="73" count="0" type="stmt"/>
        <line num="75" count="0" type="stmt"/>
        <line num="77" count="0" type="stmt"/>
        <line num="78" count="0" type="stmt"/>
        <line num="86" count="0" type="stmt"/>
        <line num="88" count="0" type="stmt"/>
        <line num="89" count="0" type="stmt"/>
        <line num="90" count="0" type="stmt"/>
        <line num="92" count="0" type="stmt"/>
        <line num="94" count="0" type="cond" truecount="0" falsecount="2"/>
        <line num="95" count="0" type="stmt"/>
        <line num="103" count="0" type="stmt"/>
        <line num="105" count="0" type="stmt"/>
        <line num="106" count="0" type="stmt"/>
        <line num="108" count="0" type="stmt"/>
        <line num="109" count="0" type="stmt"/>
        <line num="111" count="0" type="stmt"/>
        <line num="112" count="0" type="stmt"/>
      </file>
    </package>
    <package name="src.utils">
      <metrics statements="6" coveredstatements="5" conditionals="2" coveredconditionals="2" methods="6" coveredmethods="5"/>
      <file name="models.js" path="/home/SomeWhereMan/UniShit/SW302/Assignments/Assignment3/KanBanBoard/kanban-board-client/src/utils/models.js">
        <metrics statements="6" coveredstatements="5" conditionals="2" coveredconditionals="2" methods="6" coveredmethods="5"/>
        <line num="7" count="74" type="stmt"/>
        <line num="16" count="53" type="stmt"/>
        <line num="35" count="21" type="stmt"/>
        <line num="51" count="69" type="stmt"/>
        <line num="73" count="0" type="stmt"/>
        <line num="89" count="92" type="stmt"/>
      </file>
    </package>
  </project>
</coverage>
