{"/home/SomeWhereMan/UniShit/SW302/Assignments/Assignment3/KanBanBoard/kanban-board-client/src/App.jsx": {"path":"/home/SomeWhereMan/UniShit/SW302/Assignments/Assignment3/KanBanBoard/kanban-board-client/src/App.jsx","statementMap":{"0":{"start":{"line":7,"column":25},"end":{"line":7,"column":40}},"1":{"start":{"line":8,"column":2},"end":{"line":8,"column":19}},"2":{"start":{"line":11,"column":2},"end":{"line":32,"column":19}},"3":{"start":{"line":12,"column":26},"end":{"line":28,"column":5}},"4":{"start":{"line":13,"column":20},"end":{"line":13,"column":72}},"5":{"start":{"line":14,"column":24},"end":{"line":14,"column":53}},"6":{"start":{"line":16,"column":6},"end":{"line":19,"column":7}},"7":{"start":{"line":17,"column":8},"end":{"line":17,"column":27}},"8":{"start":{"line":18,"column":8},"end":{"line":18,"column":15}},"9":{"start":{"line":21,"column":6},"end":{"line":27,"column":7}},"10":{"start":{"line":25,"column":8},"end":{"line":25,"column":27}},"11":{"start":{"line":26,"column":8},"end":{"line":26,"column":15}},"12":{"start":{"line":30,"column":4},"end":{"line":30,"column":54}},"13":{"start":{"line":31,"column":4},"end":{"line":31,"column":70}},"14":{"start":{"line":31,"column":17},"end":{"line":31,"column":69}},"15":{"start":{"line":34,"column":2},"end":{"line":56,"column":4}}},"fnMap":{"0":{"name":"App","decl":{"start":{"line":6,"column":24},"end":{"line":6,"column":27}},"loc":{"start":{"line":6,"column":30},"end":{"line":57,"column":1}},"line":6},"1":{"name":"(anonymous_1)","decl":{"start":{"line":11,"column":12},"end":{"line":11,"column":13}},"loc":{"start":{"line":11,"column":18},"end":{"line":32,"column":3}},"line":11},"2":{"name":"(anonymous_2)","decl":{"start":{"line":12,"column":26},"end":{"line":12,"column":27}},"loc":{"start":{"line":12,"column":33},"end":{"line":28,"column":5}},"line":12},"3":{"name":"(anonymous_3)","decl":{"start":{"line":31,"column":11},"end":{"line":31,"column":12}},"loc":{"start":{"line":31,"column":17},"end":{"line":31,"column":69}},"line":31}},"branchMap":{"0":{"loc":{"start":{"line":14,"column":24},"end":{"line":14,"column":53}},"type":"cond-expr","locations":[{"start":{"line":14,"column":32},"end":{"line":14,"column":41}},{"start":{"line":14,"column":44},"end":{"line":14,"column":53}}],"line":14},"1":{"loc":{"start":{"line":16,"column":6},"end":{"line":19,"column":7}},"type":"if","locations":[{"start":{"line":16,"column":6},"end":{"line":19,"column":7}},{"start":{},"end":{}}],"line":16},"2":{"loc":{"start":{"line":16,"column":10},"end":{"line":16,"column":51}},"type":"binary-expr","locations":[{"start":{"line":16,"column":10},"end":{"line":16,"column":19}},{"start":{"line":16,"column":23},"end":{"line":16,"column":36}},{"start":{"line":16,"column":40},"end":{"line":16,"column":51}}],"line":16},"3":{"loc":{"start":{"line":21,"column":6},"end":{"line":27,"column":7}},"type":"if","locations":[{"start":{"line":21,"column":6},"end":{"line":27,"column":7}},{"start":{},"end":{}}],"line":21},"4":{"loc":{"start":{"line":22,"column":8},"end":{"line":23,"column":77}},"type":"binary-expr","locations":[{"start":{"line":22,"column":8},"end":{"line":22,"column":17}},{"start":{"line":23,"column":10},"end":{"line":23,"column":15}},{"start":{"line":23,"column":19},"end":{"line":23,"column":29}},{"start":{"line":23,"column":33},"end":{"line":23,"column":46}},{"start":{"line":23,"column":52},"end":{"line":23,"column":58}},{"start":{"line":23,"column":62},"end":{"line":23,"column":75}}],"line":22}},"s":{"0":6,"1":6,"2":6,"3":4,"4":2,"5":2,"6":2,"7":1,"8":1,"9":2,"10":0,"11":0,"12":4,"13":4,"14":4,"15":6},"f":{"0":6,"1":4,"2":2,"3":4},"b":{"0":[0,2],"1":[1,1],"2":[2,2,1],"3":[0,2],"4":[2,2,0,0,2,2]},"_coverageSchema":"1a1c01bbd47fc00a2c39e90264f33305004495a9","hash":"1505815b17c591f25a66e3dae56a8b0941db16c6"}
,"/home/SomeWhereMan/UniShit/SW302/Assignments/Assignment3/KanBanBoard/kanban-board-client/src/components/Board.jsx": {"path":"/home/SomeWhereMan/UniShit/SW302/Assignments/Assignment3/KanBanBoard/kanban-board-client/src/components/Board.jsx","statementMap":{"0":{"start":{"line":5,"column":29},"end":{"line":5,"column":44}},"1":{"start":{"line":6,"column":16},"end":{"line":6,"column":68}},"2":{"start":{"line":6,"column":52},"end":{"line":6,"column":67}},"3":{"start":{"line":8,"column":2},"end":{"line":32,"column":4}},"4":{"start":{"line":13,"column":25},"end":{"line":13,"column":44}},"5":{"start":{"line":25,"column":10},"end":{"line":28,"column":12}}},"fnMap":{"0":{"name":"Board","decl":{"start":{"line":4,"column":24},"end":{"line":4,"column":29}},"loc":{"start":{"line":4,"column":32},"end":{"line":33,"column":1}},"line":4},"1":{"name":"(anonymous_1)","decl":{"start":{"line":6,"column":44},"end":{"line":6,"column":45}},"loc":{"start":{"line":6,"column":52},"end":{"line":6,"column":67}},"line":6},"2":{"name":"(anonymous_2)","decl":{"start":{"line":13,"column":19},"end":{"line":13,"column":20}},"loc":{"start":{"line":13,"column":25},"end":{"line":13,"column":44}},"line":13},"3":{"name":"(anonymous_3)","decl":{"start":{"line":24,"column":19},"end":{"line":24,"column":20}},"loc":{"start":{"line":25,"column":10},"end":{"line":28,"column":12}},"line":25}},"branchMap":{"0":{"loc":{"start":{"line":6,"column":17},"end":{"line":6,"column":38}},"type":"binary-expr","locations":[{"start":{"line":6,"column":17},"end":{"line":6,"column":32}},{"start":{"line":6,"column":36},"end":{"line":6,"column":38}}],"line":6},"1":{"loc":{"start":{"line":21,"column":9},"end":{"line":23,"column":9}},"type":"binary-expr","locations":[{"start":{"line":21,"column":9},"end":{"line":21,"column":27}},{"start":{"line":22,"column":10},"end":{"line":22,"column":61}}],"line":21}},"s":{"0":13,"1":13,"2":5,"3":13,"4":4,"5":5},"f":{"0":13,"1":5,"2":4,"3":5},"b":{"0":[13,0],"1":[13,9]},"_coverageSchema":"1a1c01bbd47fc00a2c39e90264f33305004495a9","hash":"95ff314a29dd4d89a05b1ba8a23929cc86fb93d6"}
,"/home/SomeWhereMan/UniShit/SW302/Assignments/Assignment3/KanBanBoard/kanban-board-client/src/components/Card.jsx": {"path":"/home/SomeWhereMan/UniShit/SW302/Assignments/Assignment3/KanBanBoard/kanban-board-client/src/components/Card.jsx","statementMap":{"0":{"start":{"line":5,"column":18},"end":{"line":5,"column":51}},"1":{"start":{"line":5,"column":29},"end":{"line":5,"column":50}},"2":{"start":{"line":8,"column":37},"end":{"line":8,"column":52}},"3":{"start":{"line":9,"column":36},"end":{"line":9,"column":51}},"4":{"start":{"line":10,"column":40},"end":{"line":10,"column":55}},"5":{"start":{"line":11,"column":28},"end":{"line":11,"column":48}},"6":{"start":{"line":12,"column":38},"end":{"line":12,"column":53}},"7":{"start":{"line":15,"column":2},"end":{"line":17,"column":19}},"8":{"start":{"line":16,"column":4},"end":{"line":16,"column":25}},"9":{"start":{"line":19,"column":23},"end":{"line":22,"column":3}},"10":{"start":{"line":20,"column":4},"end":{"line":20,"column":52}},"11":{"start":{"line":21,"column":4},"end":{"line":21,"column":24}},"12":{"start":{"line":25,"column":26},"end":{"line":35,"column":3}},"13":{"start":{"line":26,"column":4},"end":{"line":26,"column":24}},"14":{"start":{"line":27,"column":4},"end":{"line":27,"column":24}},"15":{"start":{"line":28,"column":4},"end":{"line":31,"column":6}},"16":{"start":{"line":32,"column":4},"end":{"line":32,"column":42}},"17":{"start":{"line":34,"column":4},"end":{"line":34,"column":39}},"18":{"start":{"line":37,"column":24},"end":{"line":40,"column":3}},"19":{"start":{"line":38,"column":4},"end":{"line":38,"column":24}},"20":{"start":{"line":39,"column":4},"end":{"line":39,"column":25}},"21":{"start":{"line":42,"column":2},"end":{"line":121,"column":4}},"22":{"start":{"line":53,"column":8},"end":{"line":56,"column":9}},"23":{"start":{"line":54,"column":10},"end":{"line":54,"column":29}},"24":{"start":{"line":55,"column":10},"end":{"line":55,"column":29}},"25":{"start":{"line":64,"column":27},"end":{"line":64,"column":51}},"26":{"start":{"line":66,"column":28},"end":{"line":66,"column":63}},"27":{"start":{"line":73,"column":12},"end":{"line":73,"column":32}},"28":{"start":{"line":74,"column":12},"end":{"line":74,"column":33}},"29":{"start":{"line":79,"column":12},"end":{"line":83,"column":13}},"30":{"start":{"line":80,"column":14},"end":{"line":80,"column":33}},"31":{"start":{"line":81,"column":14},"end":{"line":81,"column":34}},"32":{"start":{"line":82,"column":14},"end":{"line":82,"column":35}},"33":{"start":{"line":95,"column":10},"end":{"line":95,"column":30}},"34":{"start":{"line":96,"column":10},"end":{"line":96,"column":43}},"35":{"start":{"line":98,"column":26},"end":{"line":98,"column":45}},"36":{"start":{"line":117,"column":51},"end":{"line":117,"column":72}}},"fnMap":{"0":{"name":"(anonymous_0)","decl":{"start":{"line":5,"column":23},"end":{"line":5,"column":24}},"loc":{"start":{"line":5,"column":29},"end":{"line":5,"column":50}},"line":5},"1":{"name":"Card","decl":{"start":{"line":7,"column":24},"end":{"line":7,"column":28}},"loc":{"start":{"line":7,"column":39},"end":{"line":122,"column":1}},"line":7},"2":{"name":"(anonymous_2)","decl":{"start":{"line":15,"column":12},"end":{"line":15,"column":13}},"loc":{"start":{"line":15,"column":18},"end":{"line":17,"column":3}},"line":15},"3":{"name":"(anonymous_3)","decl":{"start":{"line":19,"column":23},"end":{"line":19,"column":24}},"loc":{"start":{"line":19,"column":29},"end":{"line":22,"column":3}},"line":19},"4":{"name":"(anonymous_4)","decl":{"start":{"line":25,"column":26},"end":{"line":25,"column":27}},"loc":{"start":{"line":25,"column":33},"end":{"line":35,"column":3}},"line":25},"5":{"name":"(anonymous_5)","decl":{"start":{"line":37,"column":24},"end":{"line":37,"column":25}},"loc":{"start":{"line":37,"column":31},"end":{"line":40,"column":3}},"line":37},"6":{"name":"(anonymous_6)","decl":{"start":{"line":51,"column":17},"end":{"line":51,"column":18}},"loc":{"start":{"line":51,"column":24},"end":{"line":57,"column":7}},"line":51},"7":{"name":"(anonymous_7)","decl":{"start":{"line":64,"column":20},"end":{"line":64,"column":21}},"loc":{"start":{"line":64,"column":27},"end":{"line":64,"column":51}},"line":64},"8":{"name":"(anonymous_8)","decl":{"start":{"line":66,"column":21},"end":{"line":66,"column":22}},"loc":{"start":{"line":66,"column":28},"end":{"line":66,"column":63}},"line":66},"9":{"name":"(anonymous_9)","decl":{"start":{"line":72,"column":19},"end":{"line":72,"column":20}},"loc":{"start":{"line":72,"column":26},"end":{"line":75,"column":11}},"line":72},"10":{"name":"(anonymous_10)","decl":{"start":{"line":78,"column":21},"end":{"line":78,"column":22}},"loc":{"start":{"line":78,"column":28},"end":{"line":84,"column":11}},"line":78},"11":{"name":"(anonymous_11)","decl":{"start":{"line":94,"column":17},"end":{"line":94,"column":18}},"loc":{"start":{"line":94,"column":24},"end":{"line":97,"column":9}},"line":94},"12":{"name":"(anonymous_12)","decl":{"start":{"line":98,"column":19},"end":{"line":98,"column":20}},"loc":{"start":{"line":98,"column":26},"end":{"line":98,"column":45}},"line":98},"13":{"name":"(anonymous_13)","decl":{"start":{"line":117,"column":45},"end":{"line":117,"column":46}},"loc":{"start":{"line":117,"column":51},"end":{"line":117,"column":72}},"line":117}},"branchMap":{"0":{"loc":{"start":{"line":20,"column":24},"end":{"line":20,"column":50}},"type":"binary-expr","locations":[{"start":{"line":20,"column":24},"end":{"line":20,"column":36}},{"start":{"line":20,"column":40},"end":{"line":20,"column":50}}],"line":20},"1":{"loc":{"start":{"line":48,"column":8},"end":{"line":48,"column":49}},"type":"cond-expr","locations":[{"start":{"line":48,"column":21},"end":{"line":48,"column":33}},{"start":{"line":48,"column":36},"end":{"line":48,"column":49}}],"line":48},"2":{"loc":{"start":{"line":49,"column":10},"end":{"line":49,"column":64}},"type":"cond-expr","locations":[{"start":{"line":49,"column":23},"end":{"line":49,"column":59}},{"start":{"line":49,"column":62},"end":{"line":49,"column":64}}],"line":49},"3":{"loc":{"start":{"line":53,"column":8},"end":{"line":56,"column":9}},"type":"if","locations":[{"start":{"line":53,"column":8},"end":{"line":56,"column":9}},{"start":{},"end":{}}],"line":53},"4":{"loc":{"start":{"line":53,"column":12},"end":{"line":53,"column":75}},"type":"binary-expr","locations":[{"start":{"line":53,"column":12},"end":{"line":53,"column":29}},{"start":{"line":53,"column":33},"end":{"line":53,"column":43}},{"start":{"line":53,"column":47},"end":{"line":53,"column":75}}],"line":53},"5":{"loc":{"start":{"line":60,"column":7},"end":{"line":89,"column":7}},"type":"cond-expr","locations":[{"start":{"line":61,"column":8},"end":{"line":68,"column":10}},{"start":{"line":70,"column":8},"end":{"line":88,"column":14}}],"line":60},"6":{"loc":{"start":{"line":66,"column":28},"end":{"line":66,"column":63}},"type":"binary-expr","locations":[{"start":{"line":66,"column":28},"end":{"line":66,"column":45}},{"start":{"line":66,"column":49},"end":{"line":66,"column":63}}],"line":66},"7":{"loc":{"start":{"line":79,"column":12},"end":{"line":83,"column":13}},"type":"if","locations":[{"start":{"line":79,"column":12},"end":{"line":83,"column":13}},{"start":{},"end":{}}],"line":79},"8":{"loc":{"start":{"line":79,"column":16},"end":{"line":79,"column":50}},"type":"binary-expr","locations":[{"start":{"line":79,"column":16},"end":{"line":79,"column":33}},{"start":{"line":79,"column":37},"end":{"line":79,"column":50}}],"line":79},"9":{"loc":{"start":{"line":107,"column":7},"end":{"line":119,"column":7}},"type":"binary-expr","locations":[{"start":{"line":107,"column":7},"end":{"line":107,"column":18}},{"start":{"line":108,"column":8},"end":{"line":118,"column":19}}],"line":107}},"s":{"0":4,"1":1,"2":23,"3":23,"4":23,"5":23,"6":23,"7":23,"8":9,"9":23,"10":0,"11":0,"12":23,"13":1,"14":1,"15":1,"16":1,"17":1,"18":23,"19":0,"20":0,"21":23,"22":27,"23":0,"24":0,"25":0,"26":0,"27":5,"28":5,"29":1,"30":1,"31":1,"32":1,"33":1,"34":1,"35":0,"36":0},"f":{"0":1,"1":23,"2":9,"3":0,"4":1,"5":0,"6":27,"7":0,"8":0,"9":5,"10":1,"11":1,"12":0,"13":0},"b":{"0":[0,0],"1":[2,21],"2":[23,0],"3":[0,27],"4":[27,1,1],"5":[0,23],"6":[0,0],"7":[1,0],"8":[1,0],"9":[23,12]},"_coverageSchema":"1a1c01bbd47fc00a2c39e90264f33305004495a9","hash":"91b381272b5d3fccfef31cd68c0eead61a26a9fd"}
,"/home/SomeWhereMan/UniShit/SW302/Assignments/Assignment3/KanBanBoard/kanban-board-client/src/components/CardModal.jsx": {"path":"/home/SomeWhereMan/UniShit/SW302/Assignments/Assignment3/KanBanBoard/kanban-board-client/src/components/CardModal.jsx","statementMap":{"0":{"start":{"line":5,"column":25},"end":{"line":5,"column":40}},"1":{"start":{"line":6,"column":28},"end":{"line":6,"column":55}},"2":{"start":{"line":7,"column":40},"end":{"line":7,"column":73}},"3":{"start":{"line":8,"column":26},"end":{"line":8,"column":52}},"4":{"start":{"line":9,"column":34},"end":{"line":9,"column":46}},"5":{"start":{"line":10,"column":24},"end":{"line":10,"column":36}},"6":{"start":{"line":11,"column":19},"end":{"line":11,"column":31}},"7":{"start":{"line":14,"column":2},"end":{"line":20,"column":13}},"8":{"start":{"line":15,"column":4},"end":{"line":19,"column":5}},"9":{"start":{"line":16,"column":6},"end":{"line":16,"column":33}},"10":{"start":{"line":17,"column":6},"end":{"line":17,"column":45}},"11":{"start":{"line":18,"column":6},"end":{"line":18,"column":31}},"12":{"start":{"line":23,"column":2},"end":{"line":71,"column":19}},"13":{"start":{"line":24,"column":4},"end":{"line":24,"column":34}},"14":{"start":{"line":24,"column":27},"end":{"line":24,"column":34}},"15":{"start":{"line":26,"column":18},"end":{"line":26,"column":34}},"16":{"start":{"line":27,"column":30},"end":{"line":29,"column":5}},"17":{"start":{"line":30,"column":25},"end":{"line":30,"column":45}},"18":{"start":{"line":31,"column":24},"end":{"line":31,"column":71}},"19":{"start":{"line":34,"column":4},"end":{"line":36,"column":5}},"20":{"start":{"line":35,"column":6},"end":{"line":35,"column":48}},"21":{"start":{"line":35,"column":23},"end":{"line":35,"column":43}},"22":{"start":{"line":38,"column":25},"end":{"line":52,"column":5}},"23":{"start":{"line":39,"column":6},"end":{"line":39,"column":34}},"24":{"start":{"line":39,"column":27},"end":{"line":39,"column":34}},"25":{"start":{"line":41,"column":6},"end":{"line":51,"column":7}},"26":{"start":{"line":42,"column":8},"end":{"line":45,"column":9}},"27":{"start":{"line":43,"column":10},"end":{"line":43,"column":29}},"28":{"start":{"line":44,"column":10},"end":{"line":44,"column":31}},"29":{"start":{"line":47,"column":8},"end":{"line":50,"column":9}},"30":{"start":{"line":48,"column":10},"end":{"line":48,"column":29}},"31":{"start":{"line":49,"column":10},"end":{"line":49,"column":32}},"32":{"start":{"line":54,"column":25},"end":{"line":58,"column":5}},"33":{"start":{"line":55,"column":6},"end":{"line":57,"column":7}},"34":{"start":{"line":56,"column":8},"end":{"line":56,"column":21}},"35":{"start":{"line":60,"column":4},"end":{"line":60,"column":52}},"36":{"start":{"line":61,"column":4},"end":{"line":61,"column":53}},"37":{"start":{"line":64,"column":4},"end":{"line":64,"column":44}},"38":{"start":{"line":66,"column":4},"end":{"line":70,"column":6}},"39":{"start":{"line":67,"column":6},"end":{"line":67,"column":57}},"40":{"start":{"line":68,"column":6},"end":{"line":68,"column":58}},"41":{"start":{"line":69,"column":6},"end":{"line":69,"column":40}},"42":{"start":{"line":74,"column":30},"end":{"line":78,"column":3}},"43":{"start":{"line":75,"column":4},"end":{"line":77,"column":5}},"44":{"start":{"line":76,"column":6},"end":{"line":76,"column":19}},"45":{"start":{"line":80,"column":23},"end":{"line":86,"column":3}},"46":{"start":{"line":81,"column":23},"end":{"line":81,"column":38}},"47":{"start":{"line":82,"column":4},"end":{"line":85,"column":5}},"48":{"start":{"line":83,"column":6},"end":{"line":83,"column":37}},"49":{"start":{"line":84,"column":6},"end":{"line":84,"column":22}},"50":{"start":{"line":88,"column":26},"end":{"line":90,"column":3}},"51":{"start":{"line":89,"column":4},"end":{"line":89,"column":55}},"52":{"start":{"line":89,"column":33},"end":{"line":89,"column":52}},"53":{"start":{"line":92,"column":32},"end":{"line":97,"column":3}},"54":{"start":{"line":93,"column":4},"end":{"line":96,"column":5}},"55":{"start":{"line":94,"column":6},"end":{"line":94,"column":25}},"56":{"start":{"line":95,"column":6},"end":{"line":95,"column":21}},"57":{"start":{"line":99,"column":21},"end":{"line":107,"column":3}},"58":{"start":{"line":100,"column":4},"end":{"line":100,"column":22}},"59":{"start":{"line":100,"column":15},"end":{"line":100,"column":22}},"60":{"start":{"line":101,"column":4},"end":{"line":105,"column":7}},"61":{"start":{"line":106,"column":4},"end":{"line":106,"column":17}},"62":{"start":{"line":109,"column":2},"end":{"line":109,"column":25}},"63":{"start":{"line":109,"column":13},"end":{"line":109,"column":25}},"64":{"start":{"line":111,"column":2},"end":{"line":248,"column":4}},"65":{"start":{"line":122,"column":24},"end":{"line":122,"column":43}},"66":{"start":{"line":155,"column":29},"end":{"line":155,"column":53}},"67":{"start":{"line":174,"column":29},"end":{"line":174,"column":59}},"68":{"start":{"line":194,"column":31},"end":{"line":194,"column":58}},"69":{"start":{"line":209,"column":14},"end":{"line":222,"column":21}},"70":{"start":{"line":216,"column":33},"end":{"line":216,"column":53}}},"fnMap":{"0":{"name":"CardModal","decl":{"start":{"line":4,"column":24},"end":{"line":4,"column":33}},"loc":{"start":{"line":4,"column":56},"end":{"line":249,"column":1}},"line":4},"1":{"name":"(anonymous_1)","decl":{"start":{"line":14,"column":12},"end":{"line":14,"column":13}},"loc":{"start":{"line":14,"column":18},"end":{"line":20,"column":3}},"line":14},"2":{"name":"(anonymous_2)","decl":{"start":{"line":23,"column":12},"end":{"line":23,"column":13}},"loc":{"start":{"line":23,"column":18},"end":{"line":71,"column":3}},"line":23},"3":{"name":"(anonymous_3)","decl":{"start":{"line":35,"column":17},"end":{"line":35,"column":18}},"loc":{"start":{"line":35,"column":23},"end":{"line":35,"column":43}},"line":35},"4":{"name":"(anonymous_4)","decl":{"start":{"line":38,"column":25},"end":{"line":38,"column":26}},"loc":{"start":{"line":38,"column":32},"end":{"line":52,"column":5}},"line":38},"5":{"name":"(anonymous_5)","decl":{"start":{"line":54,"column":25},"end":{"line":54,"column":26}},"loc":{"start":{"line":54,"column":32},"end":{"line":58,"column":5}},"line":54},"6":{"name":"(anonymous_6)","decl":{"start":{"line":66,"column":11},"end":{"line":66,"column":12}},"loc":{"start":{"line":66,"column":17},"end":{"line":70,"column":5}},"line":66},"7":{"name":"(anonymous_7)","decl":{"start":{"line":74,"column":30},"end":{"line":74,"column":31}},"loc":{"start":{"line":74,"column":37},"end":{"line":78,"column":3}},"line":74},"8":{"name":"(anonymous_8)","decl":{"start":{"line":80,"column":23},"end":{"line":80,"column":24}},"loc":{"start":{"line":80,"column":29},"end":{"line":86,"column":3}},"line":80},"9":{"name":"(anonymous_9)","decl":{"start":{"line":88,"column":26},"end":{"line":88,"column":27}},"loc":{"start":{"line":88,"column":43},"end":{"line":90,"column":3}},"line":88},"10":{"name":"(anonymous_10)","decl":{"start":{"line":89,"column":24},"end":{"line":89,"column":25}},"loc":{"start":{"line":89,"column":33},"end":{"line":89,"column":52}},"line":89},"11":{"name":"(anonymous_11)","decl":{"start":{"line":92,"column":32},"end":{"line":92,"column":33}},"loc":{"start":{"line":92,"column":39},"end":{"line":97,"column":3}},"line":92},"12":{"name":"(anonymous_12)","decl":{"start":{"line":99,"column":21},"end":{"line":99,"column":22}},"loc":{"start":{"line":99,"column":27},"end":{"line":107,"column":3}},"line":99},"13":{"name":"(anonymous_13)","decl":{"start":{"line":122,"column":17},"end":{"line":122,"column":18}},"loc":{"start":{"line":122,"column":24},"end":{"line":122,"column":43}},"line":122},"14":{"name":"(anonymous_14)","decl":{"start":{"line":155,"column":22},"end":{"line":155,"column":23}},"loc":{"start":{"line":155,"column":29},"end":{"line":155,"column":53}},"line":155},"15":{"name":"(anonymous_15)","decl":{"start":{"line":174,"column":22},"end":{"line":174,"column":23}},"loc":{"start":{"line":174,"column":29},"end":{"line":174,"column":59}},"line":174},"16":{"name":"(anonymous_16)","decl":{"start":{"line":194,"column":24},"end":{"line":194,"column":25}},"loc":{"start":{"line":194,"column":31},"end":{"line":194,"column":58}},"line":194},"17":{"name":"(anonymous_17)","decl":{"start":{"line":208,"column":22},"end":{"line":208,"column":23}},"loc":{"start":{"line":209,"column":14},"end":{"line":222,"column":21}},"line":209},"18":{"name":"(anonymous_18)","decl":{"start":{"line":216,"column":27},"end":{"line":216,"column":28}},"loc":{"start":{"line":216,"column":33},"end":{"line":216,"column":53}},"line":216}},"branchMap":{"0":{"loc":{"start":{"line":6,"column":37},"end":{"line":6,"column":54}},"type":"binary-expr","locations":[{"start":{"line":6,"column":37},"end":{"line":6,"column":48}},{"start":{"line":6,"column":52},"end":{"line":6,"column":54}}],"line":6},"1":{"loc":{"start":{"line":7,"column":49},"end":{"line":7,"column":72}},"type":"binary-expr","locations":[{"start":{"line":7,"column":49},"end":{"line":7,"column":66}},{"start":{"line":7,"column":70},"end":{"line":7,"column":72}}],"line":7},"2":{"loc":{"start":{"line":8,"column":35},"end":{"line":8,"column":51}},"type":"binary-expr","locations":[{"start":{"line":8,"column":35},"end":{"line":8,"column":45}},{"start":{"line":8,"column":49},"end":{"line":8,"column":51}}],"line":8},"3":{"loc":{"start":{"line":15,"column":4},"end":{"line":19,"column":5}},"type":"if","locations":[{"start":{"line":15,"column":4},"end":{"line":19,"column":5}},{"start":{},"end":{}}],"line":15},"4":{"loc":{"start":{"line":16,"column":15},"end":{"line":16,"column":31}},"type":"binary-expr","locations":[{"start":{"line":16,"column":15},"end":{"line":16,"column":25}},{"start":{"line":16,"column":29},"end":{"line":16,"column":31}}],"line":16},"5":{"loc":{"start":{"line":17,"column":21},"end":{"line":17,"column":43}},"type":"binary-expr","locations":[{"start":{"line":17,"column":21},"end":{"line":17,"column":37}},{"start":{"line":17,"column":41},"end":{"line":17,"column":43}}],"line":17},"6":{"loc":{"start":{"line":18,"column":14},"end":{"line":18,"column":29}},"type":"binary-expr","locations":[{"start":{"line":18,"column":14},"end":{"line":18,"column":23}},{"start":{"line":18,"column":27},"end":{"line":18,"column":29}}],"line":18},"7":{"loc":{"start":{"line":24,"column":4},"end":{"line":24,"column":34}},"type":"if","locations":[{"start":{"line":24,"column":4},"end":{"line":24,"column":34}},{"start":{},"end":{}}],"line":24},"8":{"loc":{"start":{"line":34,"column":4},"end":{"line":36,"column":5}},"type":"if","locations":[{"start":{"line":34,"column":4},"end":{"line":36,"column":5}},{"start":{},"end":{}}],"line":34},"9":{"loc":{"start":{"line":39,"column":6},"end":{"line":39,"column":34}},"type":"if","locations":[{"start":{"line":39,"column":6},"end":{"line":39,"column":34}},{"start":{},"end":{}}],"line":39},"10":{"loc":{"start":{"line":41,"column":6},"end":{"line":51,"column":7}},"type":"if","locations":[{"start":{"line":41,"column":6},"end":{"line":51,"column":7}},{"start":{"line":46,"column":13},"end":{"line":51,"column":7}}],"line":41},"11":{"loc":{"start":{"line":42,"column":8},"end":{"line":45,"column":9}},"type":"if","locations":[{"start":{"line":42,"column":8},"end":{"line":45,"column":9}},{"start":{},"end":{}}],"line":42},"12":{"loc":{"start":{"line":47,"column":8},"end":{"line":50,"column":9}},"type":"if","locations":[{"start":{"line":47,"column":8},"end":{"line":50,"column":9}},{"start":{},"end":{}}],"line":47},"13":{"loc":{"start":{"line":55,"column":6},"end":{"line":57,"column":7}},"type":"if","locations":[{"start":{"line":55,"column":6},"end":{"line":57,"column":7}},{"start":{},"end":{}}],"line":55},"14":{"loc":{"start":{"line":75,"column":4},"end":{"line":77,"column":5}},"type":"if","locations":[{"start":{"line":75,"column":4},"end":{"line":77,"column":5}},{"start":{},"end":{}}],"line":75},"15":{"loc":{"start":{"line":82,"column":4},"end":{"line":85,"column":5}},"type":"if","locations":[{"start":{"line":82,"column":4},"end":{"line":85,"column":5}},{"start":{},"end":{}}],"line":82},"16":{"loc":{"start":{"line":82,"column":8},"end":{"line":82,"column":48}},"type":"binary-expr","locations":[{"start":{"line":82,"column":8},"end":{"line":82,"column":18}},{"start":{"line":82,"column":22},"end":{"line":82,"column":48}}],"line":82},"17":{"loc":{"start":{"line":93,"column":4},"end":{"line":96,"column":5}},"type":"if","locations":[{"start":{"line":93,"column":4},"end":{"line":96,"column":5}},{"start":{},"end":{}}],"line":93},"18":{"loc":{"start":{"line":100,"column":4},"end":{"line":100,"column":22}},"type":"if","locations":[{"start":{"line":100,"column":4},"end":{"line":100,"column":22}},{"start":{},"end":{}}],"line":100},"19":{"loc":{"start":{"line":102,"column":13},"end":{"line":102,"column":39}},"type":"binary-expr","locations":[{"start":{"line":102,"column":13},"end":{"line":102,"column":25}},{"start":{"line":102,"column":29},"end":{"line":102,"column":39}}],"line":102},"20":{"loc":{"start":{"line":109,"column":2},"end":{"line":109,"column":25}},"type":"if","locations":[{"start":{"line":109,"column":2},"end":{"line":109,"column":25}},{"start":{},"end":{}}],"line":109}},"s":{"0":36,"1":36,"2":36,"3":36,"4":36,"5":36,"6":36,"7":36,"8":5,"9":5,"10":5,"11":5,"12":36,"13":5,"14":0,"15":5,"16":5,"17":5,"18":5,"19":5,"20":5,"21":5,"22":5,"23":27,"24":25,"25":2,"26":0,"27":0,"28":0,"29":2,"30":0,"31":0,"32":5,"33":27,"34":0,"35":5,"36":5,"37":5,"38":5,"39":5,"40":5,"41":5,"42":36,"43":0,"44":0,"45":36,"46":0,"47":0,"48":0,"49":0,"50":36,"51":0,"52":0,"53":36,"54":0,"55":0,"56":0,"57":36,"58":0,"59":0,"60":0,"61":0,"62":36,"63":0,"64":36,"65":2,"66":27,"67":0,"68":0,"69":0,"70":0},"f":{"0":36,"1":5,"2":5,"3":5,"4":27,"5":27,"6":5,"7":0,"8":0,"9":0,"10":0,"11":0,"12":0,"13":2,"14":27,"15":0,"16":0,"17":0,"18":0},"b":{"0":[36,0],"1":[36,0],"2":[36,0],"3":[5,0],"4":[5,0],"5":[5,0],"6":[5,0],"7":[0,5],"8":[5,0],"9":[25,2],"10":[0,2],"11":[0,0],"12":[0,2],"13":[0,27],"14":[0,0],"15":[0,0],"16":[0,0],"17":[0,0],"18":[0,0],"19":[0,0],"20":[0,36]},"_coverageSchema":"1a1c01bbd47fc00a2c39e90264f33305004495a9","hash":"a42e8be8c25aecef2e503caff5b498dd6f74e739"}
,"/home/SomeWhereMan/UniShit/SW302/Assignments/Assignment3/KanBanBoard/kanban-board-client/src/components/List.jsx": {"path":"/home/SomeWhereMan/UniShit/SW302/Assignments/Assignment3/KanBanBoard/kanban-board-client/src/components/List.jsx","statementMap":{"0":{"start":{"line":7,"column":4},"end":{"line":7,"column":19}},"1":{"start":{"line":8,"column":46},"end":{"line":8,"column":61}},"2":{"start":{"line":9,"column":38},"end":{"line":9,"column":58}},"3":{"start":{"line":10,"column":44},"end":{"line":10,"column":58}},"4":{"start":{"line":11,"column":46},"end":{"line":11,"column":61}},"5":{"start":{"line":13,"column":28},"end":{"line":16,"column":3}},"6":{"start":{"line":14,"column":4},"end":{"line":14,"column":57}},"7":{"start":{"line":15,"column":4},"end":{"line":15,"column":29}},"8":{"start":{"line":19,"column":26},"end":{"line":24,"column":3}},"9":{"start":{"line":22,"column":4},"end":{"line":22,"column":78}},"10":{"start":{"line":23,"column":4},"end":{"line":23,"column":42}},"11":{"start":{"line":26,"column":27},"end":{"line":39,"column":3}},"12":{"start":{"line":27,"column":4},"end":{"line":27,"column":23}},"13":{"start":{"line":28,"column":4},"end":{"line":28,"column":24}},"14":{"start":{"line":29,"column":4},"end":{"line":29,"column":29}},"15":{"start":{"line":30,"column":4},"end":{"line":30,"column":27}},"16":{"start":{"line":31,"column":4},"end":{"line":38,"column":5}},"17":{"start":{"line":32,"column":19},"end":{"line":32,"column":67}},"18":{"start":{"line":33,"column":6},"end":{"line":35,"column":7}},"19":{"start":{"line":34,"column":8},"end":{"line":34,"column":39}},"20":{"start":{"line":41,"column":29},"end":{"line":45,"column":3}},"21":{"start":{"line":43,"column":4},"end":{"line":43,"column":23}},"22":{"start":{"line":44,"column":4},"end":{"line":44,"column":39}},"23":{"start":{"line":48,"column":37},"end":{"line":61,"column":3}},"24":{"start":{"line":49,"column":4},"end":{"line":49,"column":23}},"25":{"start":{"line":50,"column":4},"end":{"line":50,"column":24}},"26":{"start":{"line":51,"column":4},"end":{"line":51,"column":29}},"27":{"start":{"line":52,"column":4},"end":{"line":52,"column":27}},"28":{"start":{"line":53,"column":4},"end":{"line":60,"column":5}},"29":{"start":{"line":54,"column":19},"end":{"line":54,"column":67}},"30":{"start":{"line":55,"column":6},"end":{"line":57,"column":7}},"31":{"start":{"line":56,"column":8},"end":{"line":56,"column":77}},"32":{"start":{"line":63,"column":39},"end":{"line":69,"column":3}},"33":{"start":{"line":65,"column":4},"end":{"line":65,"column":23}},"34":{"start":{"line":66,"column":4},"end":{"line":66,"column":24}},"35":{"start":{"line":67,"column":4},"end":{"line":67,"column":39}},"36":{"start":{"line":68,"column":4},"end":{"line":68,"column":28}},"37":{"start":{"line":71,"column":40},"end":{"line":77,"column":3}},"38":{"start":{"line":73,"column":4},"end":{"line":76,"column":5}},"39":{"start":{"line":74,"column":6},"end":{"line":74,"column":31}},"40":{"start":{"line":75,"column":6},"end":{"line":75,"column":29}},"41":{"start":{"line":79,"column":2},"end":{"line":224,"column":4}},"42":{"start":{"line":86,"column":8},"end":{"line":89,"column":9}},"43":{"start":{"line":87,"column":10},"end":{"line":87,"column":29}},"44":{"start":{"line":88,"column":10},"end":{"line":88,"column":34}},"45":{"start":{"line":102,"column":29},"end":{"line":102,"column":58}},"46":{"start":{"line":104,"column":30},"end":{"line":104,"column":70}},"47":{"start":{"line":110,"column":27},"end":{"line":110,"column":50}},"48":{"start":{"line":119,"column":12},"end":{"line":119,"column":32}},"49":{"start":{"line":120,"column":12},"end":{"line":120,"column":32}},"50":{"start":{"line":122,"column":28},"end":{"line":122,"column":47}},"51":{"start":{"line":147,"column":23},"end":{"line":147,"column":38}},"52":{"start":{"line":148,"column":10},"end":{"line":148,"column":33}},"53":{"start":{"line":148,"column":21},"end":{"line":148,"column":33}},"54":{"start":{"line":151,"column":35},"end":{"line":171,"column":11}},"55":{"start":{"line":152,"column":12},"end":{"line":152,"column":31}},"56":{"start":{"line":153,"column":12},"end":{"line":153,"column":32}},"57":{"start":{"line":154,"column":12},"end":{"line":154,"column":35}},"58":{"start":{"line":155,"column":12},"end":{"line":170,"column":13}},"59":{"start":{"line":156,"column":27},"end":{"line":156,"column":75}},"60":{"start":{"line":157,"column":14},"end":{"line":167,"column":15}},"61":{"start":{"line":159,"column":16},"end":{"line":166,"column":17}},"62":{"start":{"line":163,"column":52},"end":{"line":163,"column":71}},"63":{"start":{"line":165,"column":18},"end":{"line":165,"column":71}},"64":{"start":{"line":173,"column":37},"end":{"line":185,"column":11}},"65":{"start":{"line":174,"column":12},"end":{"line":184,"column":13}},"66":{"start":{"line":175,"column":27},"end":{"line":175,"column":75}},"67":{"start":{"line":176,"column":14},"end":{"line":181,"column":15}},"68":{"start":{"line":177,"column":16},"end":{"line":177,"column":35}},"69":{"start":{"line":178,"column":16},"end":{"line":178,"column":36}},"70":{"start":{"line":179,"column":16},"end":{"line":179,"column":51}},"71":{"start":{"line":180,"column":16},"end":{"line":180,"column":38}},"72":{"start":{"line":187,"column":38},"end":{"line":191,"column":11}},"73":{"start":{"line":188,"column":12},"end":{"line":190,"column":13}},"74":{"start":{"line":189,"column":14},"end":{"line":189,"column":37}},"75":{"start":{"line":193,"column":10},"end":{"line":207,"column":12}},"76":{"start":{"line":215,"column":10},"end":{"line":215,"column":30}},"77":{"start":{"line":216,"column":10},"end":{"line":216,"column":39}},"78":{"start":{"line":218,"column":26},"end":{"line":218,"column":45}}},"fnMap":{"0":{"name":"List","decl":{"start":{"line":5,"column":24},"end":{"line":5,"column":28}},"loc":{"start":{"line":5,"column":39},"end":{"line":225,"column":1}},"line":5},"1":{"name":"(anonymous_1)","decl":{"start":{"line":13,"column":28},"end":{"line":13,"column":29}},"loc":{"start":{"line":13,"column":34},"end":{"line":16,"column":3}},"line":13},"2":{"name":"(anonymous_2)","decl":{"start":{"line":19,"column":26},"end":{"line":19,"column":27}},"loc":{"start":{"line":19,"column":33},"end":{"line":24,"column":3}},"line":19},"3":{"name":"(anonymous_3)","decl":{"start":{"line":26,"column":27},"end":{"line":26,"column":28}},"loc":{"start":{"line":26,"column":34},"end":{"line":39,"column":3}},"line":26},"4":{"name":"(anonymous_4)","decl":{"start":{"line":41,"column":29},"end":{"line":41,"column":30}},"loc":{"start":{"line":41,"column":36},"end":{"line":45,"column":3}},"line":41},"5":{"name":"(anonymous_5)","decl":{"start":{"line":48,"column":37},"end":{"line":48,"column":38}},"loc":{"start":{"line":48,"column":44},"end":{"line":61,"column":3}},"line":48},"6":{"name":"(anonymous_6)","decl":{"start":{"line":63,"column":39},"end":{"line":63,"column":40}},"loc":{"start":{"line":63,"column":46},"end":{"line":69,"column":3}},"line":63},"7":{"name":"(anonymous_7)","decl":{"start":{"line":71,"column":40},"end":{"line":71,"column":41}},"loc":{"start":{"line":71,"column":47},"end":{"line":77,"column":3}},"line":71},"8":{"name":"(anonymous_8)","decl":{"start":{"line":85,"column":17},"end":{"line":85,"column":18}},"loc":{"start":{"line":85,"column":24},"end":{"line":90,"column":7}},"line":85},"9":{"name":"(anonymous_9)","decl":{"start":{"line":102,"column":22},"end":{"line":102,"column":23}},"loc":{"start":{"line":102,"column":29},"end":{"line":102,"column":58}},"line":102},"10":{"name":"(anonymous_10)","decl":{"start":{"line":104,"column":23},"end":{"line":104,"column":24}},"loc":{"start":{"line":104,"column":30},"end":{"line":104,"column":70}},"line":104},"11":{"name":"(anonymous_11)","decl":{"start":{"line":110,"column":21},"end":{"line":110,"column":22}},"loc":{"start":{"line":110,"column":27},"end":{"line":110,"column":50}},"line":110},"12":{"name":"(anonymous_12)","decl":{"start":{"line":118,"column":19},"end":{"line":118,"column":20}},"loc":{"start":{"line":118,"column":26},"end":{"line":121,"column":11}},"line":118},"13":{"name":"(anonymous_13)","decl":{"start":{"line":122,"column":21},"end":{"line":122,"column":22}},"loc":{"start":{"line":122,"column":28},"end":{"line":122,"column":47}},"line":122},"14":{"name":"(anonymous_14)","decl":{"start":{"line":146,"column":26},"end":{"line":146,"column":27}},"loc":{"start":{"line":146,"column":39},"end":{"line":208,"column":9}},"line":146},"15":{"name":"(anonymous_15)","decl":{"start":{"line":151,"column":35},"end":{"line":151,"column":36}},"loc":{"start":{"line":151,"column":42},"end":{"line":171,"column":11}},"line":151},"16":{"name":"(anonymous_16)","decl":{"start":{"line":163,"column":43},"end":{"line":163,"column":44}},"loc":{"start":{"line":163,"column":52},"end":{"line":163,"column":71}},"line":163},"17":{"name":"(anonymous_17)","decl":{"start":{"line":173,"column":37},"end":{"line":173,"column":38}},"loc":{"start":{"line":173,"column":44},"end":{"line":185,"column":11}},"line":173},"18":{"name":"(anonymous_18)","decl":{"start":{"line":187,"column":38},"end":{"line":187,"column":39}},"loc":{"start":{"line":187,"column":45},"end":{"line":191,"column":11}},"line":187},"19":{"name":"(anonymous_19)","decl":{"start":{"line":214,"column":17},"end":{"line":214,"column":18}},"loc":{"start":{"line":214,"column":24},"end":{"line":217,"column":9}},"line":214},"20":{"name":"(anonymous_20)","decl":{"start":{"line":218,"column":19},"end":{"line":218,"column":20}},"loc":{"start":{"line":218,"column":26},"end":{"line":218,"column":45}},"line":218}},"branchMap":{"0":{"loc":{"start":{"line":14,"column":24},"end":{"line":14,"column":55}},"type":"binary-expr","locations":[{"start":{"line":14,"column":24},"end":{"line":14,"column":41}},{"start":{"line":14,"column":45},"end":{"line":14,"column":55}}],"line":14},"1":{"loc":{"start":{"line":33,"column":6},"end":{"line":35,"column":7}},"type":"if","locations":[{"start":{"line":33,"column":6},"end":{"line":35,"column":7}},{"start":{},"end":{}}],"line":33},"2":{"loc":{"start":{"line":33,"column":10},"end":{"line":33,"column":48}},"type":"binary-expr","locations":[{"start":{"line":33,"column":10},"end":{"line":33,"column":21}},{"start":{"line":33,"column":25},"end":{"line":33,"column":48}}],"line":33},"3":{"loc":{"start":{"line":55,"column":6},"end":{"line":57,"column":7}},"type":"if","locations":[{"start":{"line":55,"column":6},"end":{"line":57,"column":7}},{"start":{},"end":{}}],"line":55},"4":{"loc":{"start":{"line":55,"column":10},"end":{"line":55,"column":40}},"type":"binary-expr","locations":[{"start":{"line":55,"column":10},"end":{"line":55,"column":21}},{"start":{"line":55,"column":25},"end":{"line":55,"column":40}}],"line":55},"5":{"loc":{"start":{"line":73,"column":4},"end":{"line":76,"column":5}},"type":"if","locations":[{"start":{"line":73,"column":4},"end":{"line":76,"column":5}},{"start":{},"end":{}}],"line":73},"6":{"loc":{"start":{"line":86,"column":8},"end":{"line":89,"column":9}},"type":"if","locations":[{"start":{"line":86,"column":8},"end":{"line":89,"column":9}},{"start":{},"end":{}}],"line":86},"7":{"loc":{"start":{"line":86,"column":12},"end":{"line":86,"column":48}},"type":"binary-expr","locations":[{"start":{"line":86,"column":12},"end":{"line":86,"column":29}},{"start":{"line":86,"column":33},"end":{"line":86,"column":48}}],"line":86},"8":{"loc":{"start":{"line":98,"column":9},"end":{"line":114,"column":9}},"type":"cond-expr","locations":[{"start":{"line":99,"column":10},"end":{"line":106,"column":12}},{"start":{"line":108,"column":10},"end":{"line":113,"column":15}}],"line":98},"9":{"loc":{"start":{"line":104,"column":30},"end":{"line":104,"column":70}},"type":"binary-expr","locations":[{"start":{"line":104,"column":30},"end":{"line":104,"column":47}},{"start":{"line":104,"column":51},"end":{"line":104,"column":70}}],"line":104},"10":{"loc":{"start":{"line":133,"column":10},"end":{"line":135,"column":16}},"type":"cond-expr","locations":[{"start":{"line":134,"column":14},"end":{"line":134,"column":87}},{"start":{"line":135,"column":14},"end":{"line":135,"column":16}}],"line":133},"11":{"loc":{"start":{"line":133,"column":10},"end":{"line":133,"column":53}},"type":"binary-expr","locations":[{"start":{"line":133,"column":10},"end":{"line":133,"column":24}},{"start":{"line":133,"column":28},"end":{"line":133,"column":53}}],"line":133},"12":{"loc":{"start":{"line":141,"column":9},"end":{"line":145,"column":9}},"type":"binary-expr","locations":[{"start":{"line":141,"column":9},"end":{"line":141,"column":34}},{"start":{"line":142,"column":10},"end":{"line":144,"column":14}}],"line":141},"13":{"loc":{"start":{"line":143,"column":13},"end":{"line":143,"column":59}},"type":"cond-expr","locations":[{"start":{"line":143,"column":30},"end":{"line":143,"column":46}},{"start":{"line":143,"column":49},"end":{"line":143,"column":59}}],"line":143},"14":{"loc":{"start":{"line":148,"column":10},"end":{"line":148,"column":33}},"type":"if","locations":[{"start":{"line":148,"column":10},"end":{"line":148,"column":33}},{"start":{},"end":{}}],"line":148},"15":{"loc":{"start":{"line":157,"column":14},"end":{"line":167,"column":15}},"type":"if","locations":[{"start":{"line":157,"column":14},"end":{"line":167,"column":15}},{"start":{},"end":{}}],"line":157},"16":{"loc":{"start":{"line":157,"column":18},"end":{"line":157,"column":48}},"type":"binary-expr","locations":[{"start":{"line":157,"column":18},"end":{"line":157,"column":29}},{"start":{"line":157,"column":33},"end":{"line":157,"column":48}}],"line":157},"17":{"loc":{"start":{"line":159,"column":16},"end":{"line":166,"column":17}},"type":"if","locations":[{"start":{"line":159,"column":16},"end":{"line":166,"column":17}},{"start":{},"end":{}}],"line":159},"18":{"loc":{"start":{"line":160,"column":18},"end":{"line":163,"column":72}},"type":"binary-expr","locations":[{"start":{"line":160,"column":18},"end":{"line":160,"column":45}},{"start":{"line":161,"column":18},"end":{"line":161,"column":36}},{"start":{"line":162,"column":18},"end":{"line":163,"column":72}}],"line":160},"19":{"loc":{"start":{"line":176,"column":14},"end":{"line":181,"column":15}},"type":"if","locations":[{"start":{"line":176,"column":14},"end":{"line":181,"column":15}},{"start":{},"end":{}}],"line":176},"20":{"loc":{"start":{"line":176,"column":18},"end":{"line":176,"column":48}},"type":"binary-expr","locations":[{"start":{"line":176,"column":18},"end":{"line":176,"column":29}},{"start":{"line":176,"column":33},"end":{"line":176,"column":48}}],"line":176},"21":{"loc":{"start":{"line":188,"column":12},"end":{"line":190,"column":13}},"type":"if","locations":[{"start":{"line":188,"column":12},"end":{"line":190,"column":13}},{"start":{},"end":{}}],"line":188},"22":{"loc":{"start":{"line":197,"column":16},"end":{"line":199,"column":22}},"type":"cond-expr","locations":[{"start":{"line":198,"column":20},"end":{"line":198,"column":74}},{"start":{"line":199,"column":20},"end":{"line":199,"column":22}}],"line":197}},"s":{"0":31,"1":31,"2":31,"3":31,"4":31,"5":31,"6":1,"7":1,"8":31,"9":1,"10":1,"11":31,"12":0,"13":0,"14":0,"15":0,"16":0,"17":0,"18":0,"19":0,"20":31,"21":0,"22":0,"23":31,"24":0,"25":0,"26":0,"27":0,"28":0,"29":0,"30":0,"31":0,"32":31,"33":0,"34":0,"35":0,"36":0,"37":31,"38":0,"39":0,"40":0,"41":31,"42":13,"43":0,"44":0,"45":13,"46":13,"47":3,"48":1,"49":1,"50":0,"51":0,"52":0,"53":0,"54":0,"55":0,"56":0,"57":0,"58":0,"59":0,"60":0,"61":0,"62":0,"63":0,"64":0,"65":0,"66":0,"67":0,"68":0,"69":0,"70":0,"71":0,"72":0,"73":0,"74":0,"75":0,"76":1,"77":1,"78":0},"f":{"0":31,"1":1,"2":1,"3":0,"4":0,"5":0,"6":0,"7":0,"8":13,"9":13,"10":13,"11":3,"12":1,"13":0,"14":0,"15":0,"16":0,"17":0,"18":0,"19":1,"20":0},"b":{"0":[1,0],"1":[0,0],"2":[0,0],"3":[0,0],"4":[0,0],"5":[0,0],"6":[0,13],"7":[13,1],"8":[16,15],"9":[13,1],"10":[0,31],"11":[31,0],"12":[31,31],"13":[0,31],"14":[0,0],"15":[0,0],"16":[0,0],"17":[0,0],"18":[0,0,0],"19":[0,0],"20":[0,0],"21":[0,0],"22":[0,0]},"_coverageSchema":"1a1c01bbd47fc00a2c39e90264f33305004495a9","hash":"894d2b1cea446c33d986686619ac2d0e9a7fb15c"}
,"/home/SomeWhereMan/UniShit/SW302/Assignments/Assignment3/KanBanBoard/kanban-board-client/src/context/boardProvider.jsx": {"path":"/home/SomeWhereMan/UniShit/SW302/Assignments/Assignment3/KanBanBoard/kanban-board-client/src/context/boardProvider.jsx","statementMap":{"0":{"start":{"line":9,"column":28},"end":{"line":9,"column":47}},"1":{"start":{"line":16,"column":28},"end":{"line":20,"column":3}},"2":{"start":{"line":22,"column":2},"end":{"line":26,"column":4}}},"fnMap":{"0":{"name":"BoardProvider","decl":{"start":{"line":15,"column":16},"end":{"line":15,"column":29}},"loc":{"start":{"line":15,"column":44},"end":{"line":27,"column":1}},"line":15}},"branchMap":{},"s":{"0":6,"1":87,"2":81},"f":{"0":87},"b":{},"_coverageSchema":"1a1c01bbd47fc00a2c39e90264f33305004495a9","hash":"e9fa327090808cdd346fae15960e3ed43ff34aaf"}
,"/home/SomeWhereMan/UniShit/SW302/Assignments/Assignment3/KanBanBoard/kanban-board-client/src/context/boardReducer.js": {"path":"/home/SomeWhereMan/UniShit/SW302/Assignments/Assignment3/KanBanBoard/kanban-board-client/src/context/boardReducer.js","statementMap":{"0":{"start":{"line":5,"column":2},"end":{"line":258,"column":3}},"1":{"start":{"line":7,"column":22},"end":{"line":7,"column":65}},"2":{"start":{"line":8,"column":23},"end":{"line":13,"column":7}},"3":{"start":{"line":14,"column":6},"end":{"line":22,"column":8}},"4":{"start":{"line":26,"column":51},"end":{"line":26,"column":65}},"5":{"start":{"line":27,"column":22},"end":{"line":27,"column":70}},"6":{"start":{"line":29,"column":25},"end":{"line":31,"column":7}},"7":{"start":{"line":30,"column":16},"end":{"line":30,"column":33}},"8":{"start":{"line":33,"column":23},"end":{"line":38,"column":7}},"9":{"start":{"line":40,"column":6},"end":{"line":54,"column":8}},"10":{"start":{"line":58,"column":32},"end":{"line":58,"column":46}},"11":{"start":{"line":59,"column":23},"end":{"line":64,"column":7}},"12":{"start":{"line":65,"column":6},"end":{"line":72,"column":8}},"13":{"start":{"line":76,"column":34},"end":{"line":76,"column":48}},"14":{"start":{"line":77,"column":23},"end":{"line":82,"column":7}},"15":{"start":{"line":83,"column":6},"end":{"line":93,"column":8}},"16":{"start":{"line":97,"column":25},"end":{"line":97,"column":39}},"17":{"start":{"line":98,"column":23},"end":{"line":98,"column":41}},"18":{"start":{"line":99,"column":6},"end":{"line":99,"column":79}},"19":{"start":{"line":99,"column":54},"end":{"line":99,"column":77}},"20":{"start":{"line":100,"column":23},"end":{"line":100,"column":41}},"21":{"start":{"line":101,"column":6},"end":{"line":101,"column":30}},"22":{"start":{"line":104,"column":26},"end":{"line":109,"column":9}},"23":{"start":{"line":104,"column":71},"end":{"line":109,"column":7}},"24":{"start":{"line":111,"column":23},"end":{"line":116,"column":7}},"25":{"start":{"line":118,"column":6},"end":{"line":127,"column":8}},"26":{"start":{"line":122,"column":58},"end":{"line":122,"column":71}},"27":{"start":{"line":131,"column":33},"end":{"line":131,"column":47}},"28":{"start":{"line":132,"column":23},"end":{"line":132,"column":41}},"29":{"start":{"line":133,"column":6},"end":{"line":133,"column":30}},"30":{"start":{"line":134,"column":23},"end":{"line":139,"column":7}},"31":{"start":{"line":140,"column":6},"end":{"line":154,"column":8}},"32":{"start":{"line":147,"column":64},"end":{"line":147,"column":77}},"33":{"start":{"line":158,"column":60},"end":{"line":158,"column":74}},"34":{"start":{"line":159,"column":23},"end":{"line":159,"column":46}},"35":{"start":{"line":160,"column":21},"end":{"line":160,"column":42}},"36":{"start":{"line":162,"column":29},"end":{"line":162,"column":75}},"37":{"start":{"line":162,"column":61},"end":{"line":162,"column":74}},"38":{"start":{"line":164,"column":25},"end":{"line":164,"column":44}},"39":{"start":{"line":165,"column":6},"end":{"line":165,"column":64}},"40":{"start":{"line":165,"column":49},"end":{"line":165,"column":62}},"41":{"start":{"line":166,"column":6},"end":{"line":166,"column":50}},"42":{"start":{"line":168,"column":23},"end":{"line":173,"column":7}},"43":{"start":{"line":175,"column":6},"end":{"line":190,"column":8}},"44":{"start":{"line":194,"column":46},"end":{"line":194,"column":60}},"45":{"start":{"line":195,"column":24},"end":{"line":195,"column":52}},"46":{"start":{"line":196,"column":24},"end":{"line":196,"column":56}},"47":{"start":{"line":197,"column":22},"end":{"line":197,"column":53}},"48":{"start":{"line":198,"column":6},"end":{"line":198,"column":59}},"49":{"start":{"line":198,"column":46},"end":{"line":198,"column":59}},"50":{"start":{"line":200,"column":6},"end":{"line":200,"column":37}},"51":{"start":{"line":201,"column":6},"end":{"line":201,"column":50}},"52":{"start":{"line":204,"column":6},"end":{"line":209,"column":8}},"53":{"start":{"line":213,"column":6},"end":{"line":213,"column":73}},"54":{"start":{"line":213,"column":60},"end":{"line":213,"column":73}},"55":{"start":{"line":215,"column":23},"end":{"line":215,"column":66}},"56":{"start":{"line":217,"column":6},"end":{"line":224,"column":8}},"57":{"start":{"line":228,"column":6},"end":{"line":228,"column":73}},"58":{"start":{"line":228,"column":60},"end":{"line":228,"column":73}},"59":{"start":{"line":230,"column":19},"end":{"line":230,"column":62}},"60":{"start":{"line":232,"column":6},"end":{"line":239,"column":8}},"61":{"start":{"line":243,"column":6},"end":{"line":243,"column":28}},"62":{"start":{"line":246,"column":6},"end":{"line":251,"column":8}},"63":{"start":{"line":249,"column":20},"end":{"line":249,"column":57}},"64":{"start":{"line":254,"column":6},"end":{"line":254,"column":19}},"65":{"start":{"line":257,"column":6},"end":{"line":257,"column":19}}},"fnMap":{"0":{"name":"boardReducer","decl":{"start":{"line":4,"column":16},"end":{"line":4,"column":28}},"loc":{"start":{"line":4,"column":44},"end":{"line":259,"column":1}},"line":4},"1":{"name":"(anonymous_1)","decl":{"start":{"line":30,"column":8},"end":{"line":30,"column":9}},"loc":{"start":{"line":30,"column":16},"end":{"line":30,"column":33}},"line":30},"2":{"name":"(anonymous_2)","decl":{"start":{"line":99,"column":42},"end":{"line":99,"column":43}},"loc":{"start":{"line":99,"column":54},"end":{"line":99,"column":77}},"line":99},"3":{"name":"(anonymous_3)","decl":{"start":{"line":104,"column":58},"end":{"line":104,"column":59}},"loc":{"start":{"line":104,"column":71},"end":{"line":109,"column":7}},"line":104},"4":{"name":"(anonymous_4)","decl":{"start":{"line":122,"column":50},"end":{"line":122,"column":51}},"loc":{"start":{"line":122,"column":58},"end":{"line":122,"column":71}},"line":122},"5":{"name":"(anonymous_5)","decl":{"start":{"line":147,"column":56},"end":{"line":147,"column":57}},"loc":{"start":{"line":147,"column":64},"end":{"line":147,"column":77}},"line":147},"6":{"name":"(anonymous_6)","decl":{"start":{"line":162,"column":53},"end":{"line":162,"column":54}},"loc":{"start":{"line":162,"column":61},"end":{"line":162,"column":74}},"line":162},"7":{"name":"(anonymous_7)","decl":{"start":{"line":165,"column":41},"end":{"line":165,"column":42}},"loc":{"start":{"line":165,"column":49},"end":{"line":165,"column":62}},"line":165},"8":{"name":"(anonymous_8)","decl":{"start":{"line":249,"column":10},"end":{"line":249,"column":11}},"loc":{"start":{"line":249,"column":20},"end":{"line":249,"column":57}},"line":249}},"branchMap":{"0":{"loc":{"start":{"line":5,"column":2},"end":{"line":258,"column":3}},"type":"switch","locations":[{"start":{"line":6,"column":4},"end":{"line":23,"column":5}},{"start":{"line":25,"column":4},"end":{"line":55,"column":5}},{"start":{"line":57,"column":4},"end":{"line":73,"column":5}},{"start":{"line":75,"column":4},"end":{"line":94,"column":5}},{"start":{"line":96,"column":4},"end":{"line":128,"column":5}},{"start":{"line":130,"column":4},"end":{"line":155,"column":5}},{"start":{"line":157,"column":4},"end":{"line":191,"column":5}},{"start":{"line":193,"column":4},"end":{"line":210,"column":5}},{"start":{"line":212,"column":4},"end":{"line":225,"column":5}},{"start":{"line":227,"column":4},"end":{"line":240,"column":5}},{"start":{"line":242,"column":4},"end":{"line":243,"column":28}},{"start":{"line":245,"column":4},"end":{"line":251,"column":8}},{"start":{"line":253,"column":4},"end":{"line":254,"column":19}},{"start":{"line":256,"column":4},"end":{"line":257,"column":19}}],"line":5},"1":{"loc":{"start":{"line":12,"column":23},"end":{"line":12,"column":41}},"type":"binary-expr","locations":[{"start":{"line":12,"column":23},"end":{"line":12,"column":36}},{"start":{"line":12,"column":40},"end":{"line":12,"column":41}}],"line":12},"2":{"loc":{"start":{"line":17,"column":24},"end":{"line":17,"column":45}},"type":"binary-expr","locations":[{"start":{"line":17,"column":24},"end":{"line":17,"column":39}},{"start":{"line":17,"column":43},"end":{"line":17,"column":45}}],"line":17},"3":{"loc":{"start":{"line":18,"column":18},"end":{"line":18,"column":36}},"type":"binary-expr","locations":[{"start":{"line":18,"column":18},"end":{"line":18,"column":31}},{"start":{"line":18,"column":35},"end":{"line":18,"column":36}}],"line":18},"4":{"loc":{"start":{"line":19,"column":24},"end":{"line":19,"column":45}},"type":"binary-expr","locations":[{"start":{"line":19,"column":24},"end":{"line":19,"column":39}},{"start":{"line":19,"column":43},"end":{"line":19,"column":45}}],"line":19},"5":{"loc":{"start":{"line":37,"column":23},"end":{"line":37,"column":41}},"type":"binary-expr","locations":[{"start":{"line":37,"column":23},"end":{"line":37,"column":36}},{"start":{"line":37,"column":40},"end":{"line":37,"column":41}}],"line":37},"6":{"loc":{"start":{"line":50,"column":18},"end":{"line":50,"column":36}},"type":"binary-expr","locations":[{"start":{"line":50,"column":18},"end":{"line":50,"column":31}},{"start":{"line":50,"column":35},"end":{"line":50,"column":36}}],"line":50},"7":{"loc":{"start":{"line":51,"column":24},"end":{"line":51,"column":45}},"type":"binary-expr","locations":[{"start":{"line":51,"column":24},"end":{"line":51,"column":39}},{"start":{"line":51,"column":43},"end":{"line":51,"column":45}}],"line":51},"8":{"loc":{"start":{"line":63,"column":23},"end":{"line":63,"column":41}},"type":"binary-expr","locations":[{"start":{"line":63,"column":23},"end":{"line":63,"column":36}},{"start":{"line":63,"column":40},"end":{"line":63,"column":41}}],"line":63},"9":{"loc":{"start":{"line":68,"column":18},"end":{"line":68,"column":36}},"type":"binary-expr","locations":[{"start":{"line":68,"column":18},"end":{"line":68,"column":31}},{"start":{"line":68,"column":35},"end":{"line":68,"column":36}}],"line":68},"10":{"loc":{"start":{"line":69,"column":24},"end":{"line":69,"column":45}},"type":"binary-expr","locations":[{"start":{"line":69,"column":24},"end":{"line":69,"column":39}},{"start":{"line":69,"column":43},"end":{"line":69,"column":45}}],"line":69},"11":{"loc":{"start":{"line":81,"column":23},"end":{"line":81,"column":41}},"type":"binary-expr","locations":[{"start":{"line":81,"column":23},"end":{"line":81,"column":36}},{"start":{"line":81,"column":40},"end":{"line":81,"column":41}}],"line":81},"12":{"loc":{"start":{"line":89,"column":18},"end":{"line":89,"column":36}},"type":"binary-expr","locations":[{"start":{"line":89,"column":18},"end":{"line":89,"column":31}},{"start":{"line":89,"column":35},"end":{"line":89,"column":36}}],"line":89},"13":{"loc":{"start":{"line":90,"column":24},"end":{"line":90,"column":45}},"type":"binary-expr","locations":[{"start":{"line":90,"column":24},"end":{"line":90,"column":39}},{"start":{"line":90,"column":43},"end":{"line":90,"column":45}}],"line":90},"14":{"loc":{"start":{"line":108,"column":23},"end":{"line":108,"column":41}},"type":"binary-expr","locations":[{"start":{"line":108,"column":23},"end":{"line":108,"column":36}},{"start":{"line":108,"column":40},"end":{"line":108,"column":41}}],"line":108},"15":{"loc":{"start":{"line":115,"column":23},"end":{"line":115,"column":41}},"type":"binary-expr","locations":[{"start":{"line":115,"column":23},"end":{"line":115,"column":36}},{"start":{"line":115,"column":40},"end":{"line":115,"column":41}}],"line":115},"16":{"loc":{"start":{"line":122,"column":20},"end":{"line":122,"column":41}},"type":"binary-expr","locations":[{"start":{"line":122,"column":20},"end":{"line":122,"column":35}},{"start":{"line":122,"column":39},"end":{"line":122,"column":41}}],"line":122},"17":{"loc":{"start":{"line":123,"column":18},"end":{"line":123,"column":36}},"type":"binary-expr","locations":[{"start":{"line":123,"column":18},"end":{"line":123,"column":31}},{"start":{"line":123,"column":35},"end":{"line":123,"column":36}}],"line":123},"18":{"loc":{"start":{"line":124,"column":24},"end":{"line":124,"column":45}},"type":"binary-expr","locations":[{"start":{"line":124,"column":24},"end":{"line":124,"column":39}},{"start":{"line":124,"column":43},"end":{"line":124,"column":45}}],"line":124},"19":{"loc":{"start":{"line":138,"column":23},"end":{"line":138,"column":41}},"type":"binary-expr","locations":[{"start":{"line":138,"column":23},"end":{"line":138,"column":36}},{"start":{"line":138,"column":40},"end":{"line":138,"column":41}}],"line":138},"20":{"loc":{"start":{"line":150,"column":18},"end":{"line":150,"column":36}},"type":"binary-expr","locations":[{"start":{"line":150,"column":18},"end":{"line":150,"column":31}},{"start":{"line":150,"column":35},"end":{"line":150,"column":36}}],"line":150},"21":{"loc":{"start":{"line":151,"column":24},"end":{"line":151,"column":45}},"type":"binary-expr","locations":[{"start":{"line":151,"column":24},"end":{"line":151,"column":39}},{"start":{"line":151,"column":43},"end":{"line":151,"column":45}}],"line":151},"22":{"loc":{"start":{"line":172,"column":23},"end":{"line":172,"column":41}},"type":"binary-expr","locations":[{"start":{"line":172,"column":23},"end":{"line":172,"column":36}},{"start":{"line":172,"column":40},"end":{"line":172,"column":41}}],"line":172},"23":{"loc":{"start":{"line":186,"column":18},"end":{"line":186,"column":36}},"type":"binary-expr","locations":[{"start":{"line":186,"column":18},"end":{"line":186,"column":31}},{"start":{"line":186,"column":35},"end":{"line":186,"column":36}}],"line":186},"24":{"loc":{"start":{"line":187,"column":24},"end":{"line":187,"column":45}},"type":"binary-expr","locations":[{"start":{"line":187,"column":24},"end":{"line":187,"column":39}},{"start":{"line":187,"column":43},"end":{"line":187,"column":45}}],"line":187},"25":{"loc":{"start":{"line":195,"column":29},"end":{"line":195,"column":50}},"type":"binary-expr","locations":[{"start":{"line":195,"column":29},"end":{"line":195,"column":44}},{"start":{"line":195,"column":48},"end":{"line":195,"column":50}}],"line":195},"26":{"loc":{"start":{"line":198,"column":6},"end":{"line":198,"column":59}},"type":"if","locations":[{"start":{"line":198,"column":6},"end":{"line":198,"column":59}},{"start":{},"end":{}}],"line":198},"27":{"loc":{"start":{"line":198,"column":10},"end":{"line":198,"column":44}},"type":"binary-expr","locations":[{"start":{"line":198,"column":10},"end":{"line":198,"column":26}},{"start":{"line":198,"column":30},"end":{"line":198,"column":44}}],"line":198},"28":{"loc":{"start":{"line":213,"column":6},"end":{"line":213,"column":73}},"type":"if","locations":[{"start":{"line":213,"column":6},"end":{"line":213,"column":73}},{"start":{},"end":{}}],"line":213},"29":{"loc":{"start":{"line":213,"column":10},"end":{"line":213,"column":58}},"type":"binary-expr","locations":[{"start":{"line":213,"column":10},"end":{"line":213,"column":26}},{"start":{"line":213,"column":30},"end":{"line":213,"column":58}}],"line":213},"30":{"loc":{"start":{"line":228,"column":6},"end":{"line":228,"column":73}},"type":"if","locations":[{"start":{"line":228,"column":6},"end":{"line":228,"column":73}},{"start":{},"end":{}}],"line":228},"31":{"loc":{"start":{"line":228,"column":10},"end":{"line":228,"column":58}},"type":"binary-expr","locations":[{"start":{"line":228,"column":10},"end":{"line":228,"column":26}},{"start":{"line":228,"column":30},"end":{"line":228,"column":58}}],"line":228}},"s":{"0":105,"1":41,"2":41,"3":41,"4":16,"5":16,"6":16,"7":0,"8":14,"9":14,"10":12,"11":12,"12":12,"13":4,"14":4,"15":4,"16":5,"17":5,"18":5,"19":1,"20":3,"21":3,"22":3,"23":1,"24":3,"25":3,"26":4,"27":6,"28":6,"29":6,"30":6,"31":6,"32":5,"33":4,"34":4,"35":4,"36":4,"37":3,"38":4,"39":4,"40":3,"41":4,"42":4,"43":4,"44":1,"45":1,"46":1,"47":1,"48":1,"49":0,"50":1,"51":1,"52":1,"53":7,"54":1,"55":6,"56":6,"57":2,"58":0,"59":2,"60":2,"61":3,"62":2,"63":3,"64":1,"65":1},"f":{"0":105,"1":0,"2":1,"3":1,"4":4,"5":5,"6":3,"7":3,"8":3},"b":{"0":[41,16,12,4,5,6,4,1,7,2,3,2,1,1],"1":[41,34],"2":[41,0],"3":[41,34],"4":[41,0],"5":[14,0],"6":[14,0],"7":[14,0],"8":[12,1],"9":[12,1],"10":[12,0],"11":[4,0],"12":[4,0],"13":[4,0],"14":[1,0],"15":[3,0],"16":[3,0],"17":[3,0],"18":[3,0],"19":[6,2],"20":[4,0],"21":[4,0],"22":[4,0],"23":[4,0],"24":[4,0],"25":[1,0],"26":[0,1],"27":[1,1],"28":[1,6],"29":[7,7],"30":[0,2],"31":[2,2]},"_coverageSchema":"1a1c01bbd47fc00a2c39e90264f33305004495a9","hash":"f83adf60e8095b0ed8baefdeb233d7574df45e65"}
,"/home/SomeWhereMan/UniShit/SW302/Assignments/Assignment3/KanBanBoard/kanban-board-client/src/hooks/useBoardState.js": {"path":"/home/SomeWhereMan/UniShit/SW302/Assignments/Assignment3/KanBanBoard/kanban-board-client/src/hooks/useBoardState.js","statementMap":{"0":{"start":{"line":5,"column":18},"end":{"line":5,"column":42}},"1":{"start":{"line":6,"column":2},"end":{"line":7,"column":73}},"2":{"start":{"line":7,"column":4},"end":{"line":7,"column":73}},"3":{"start":{"line":9,"column":30},"end":{"line":9,"column":37}},"4":{"start":{"line":11,"column":18},"end":{"line":14,"column":3}},"5":{"start":{"line":12,"column":18},"end":{"line":12,"column":72}},"6":{"start":{"line":15,"column":22},"end":{"line":18,"column":3}},"7":{"start":{"line":16,"column":20},"end":{"line":16,"column":79}},"8":{"start":{"line":19,"column":22},"end":{"line":22,"column":3}},"9":{"start":{"line":20,"column":15},"end":{"line":20,"column":69}},"10":{"start":{"line":24,"column":18},"end":{"line":27,"column":3}},"11":{"start":{"line":25,"column":15},"end":{"line":25,"column":65}},"12":{"start":{"line":28,"column":18},"end":{"line":35,"column":3}},"13":{"start":{"line":30,"column":6},"end":{"line":33,"column":8}},"14":{"start":{"line":37,"column":21},"end":{"line":41,"column":3}},"15":{"start":{"line":39,"column":6},"end":{"line":39,"column":77}},"16":{"start":{"line":43,"column":21},"end":{"line":50,"column":3}},"17":{"start":{"line":45,"column":6},"end":{"line":48,"column":8}},"18":{"start":{"line":52,"column":21},"end":{"line":59,"column":3}},"19":{"start":{"line":54,"column":6},"end":{"line":57,"column":8}},"20":{"start":{"line":61,"column":21},"end":{"line":64,"column":3}},"21":{"start":{"line":62,"column":16},"end":{"line":62,"column":70}},"22":{"start":{"line":65,"column":21},"end":{"line":69,"column":3}},"23":{"start":{"line":67,"column":6},"end":{"line":67,"column":68}},"24":{"start":{"line":71,"column":15},"end":{"line":71,"column":72}},"25":{"start":{"line":71,"column":33},"end":{"line":71,"column":59}},"26":{"start":{"line":72,"column":15},"end":{"line":72,"column":72}},"27":{"start":{"line":72,"column":33},"end":{"line":72,"column":59}},"28":{"start":{"line":74,"column":19},"end":{"line":81,"column":3}},"29":{"start":{"line":76,"column":6},"end":{"line":79,"column":8}},"30":{"start":{"line":83,"column":19},"end":{"line":87,"column":3}},"31":{"start":{"line":85,"column":6},"end":{"line":85,"column":79}},"32":{"start":{"line":89,"column":2},"end":{"line":105,"column":4}}},"fnMap":{"0":{"name":"useBoardState","decl":{"start":{"line":4,"column":16},"end":{"line":4,"column":29}},"loc":{"start":{"line":4,"column":32},"end":{"line":106,"column":1}},"line":4},"1":{"name":"(anonymous_1)","decl":{"start":{"line":12,"column":4},"end":{"line":12,"column":5}},"loc":{"start":{"line":12,"column":18},"end":{"line":12,"column":72}},"line":12},"2":{"name":"(anonymous_2)","decl":{"start":{"line":16,"column":4},"end":{"line":16,"column":5}},"loc":{"start":{"line":16,"column":20},"end":{"line":16,"column":79}},"line":16},"3":{"name":"(anonymous_3)","decl":{"start":{"line":20,"column":4},"end":{"line":20,"column":5}},"loc":{"start":{"line":20,"column":15},"end":{"line":20,"column":69}},"line":20},"4":{"name":"(anonymous_4)","decl":{"start":{"line":25,"column":4},"end":{"line":25,"column":5}},"loc":{"start":{"line":25,"column":15},"end":{"line":25,"column":65}},"line":25},"5":{"name":"(anonymous_5)","decl":{"start":{"line":29,"column":4},"end":{"line":29,"column":5}},"loc":{"start":{"line":30,"column":6},"end":{"line":33,"column":8}},"line":30},"6":{"name":"(anonymous_6)","decl":{"start":{"line":38,"column":4},"end":{"line":38,"column":5}},"loc":{"start":{"line":39,"column":6},"end":{"line":39,"column":77}},"line":39},"7":{"name":"(anonymous_7)","decl":{"start":{"line":44,"column":4},"end":{"line":44,"column":5}},"loc":{"start":{"line":45,"column":6},"end":{"line":48,"column":8}},"line":45},"8":{"name":"(anonymous_8)","decl":{"start":{"line":53,"column":4},"end":{"line":53,"column":5}},"loc":{"start":{"line":54,"column":6},"end":{"line":57,"column":8}},"line":54},"9":{"name":"(anonymous_9)","decl":{"start":{"line":62,"column":4},"end":{"line":62,"column":5}},"loc":{"start":{"line":62,"column":16},"end":{"line":62,"column":70}},"line":62},"10":{"name":"(anonymous_10)","decl":{"start":{"line":66,"column":4},"end":{"line":66,"column":5}},"loc":{"start":{"line":67,"column":6},"end":{"line":67,"column":68}},"line":67},"11":{"name":"(anonymous_11)","decl":{"start":{"line":71,"column":27},"end":{"line":71,"column":28}},"loc":{"start":{"line":71,"column":33},"end":{"line":71,"column":59}},"line":71},"12":{"name":"(anonymous_12)","decl":{"start":{"line":72,"column":27},"end":{"line":72,"column":28}},"loc":{"start":{"line":72,"column":33},"end":{"line":72,"column":59}},"line":72},"13":{"name":"(anonymous_13)","decl":{"start":{"line":75,"column":4},"end":{"line":75,"column":5}},"loc":{"start":{"line":76,"column":6},"end":{"line":79,"column":8}},"line":76},"14":{"name":"(anonymous_14)","decl":{"start":{"line":84,"column":4},"end":{"line":84,"column":5}},"loc":{"start":{"line":85,"column":6},"end":{"line":85,"column":79}},"line":85}},"branchMap":{"0":{"loc":{"start":{"line":6,"column":2},"end":{"line":7,"column":73}},"type":"if","locations":[{"start":{"line":6,"column":2},"end":{"line":7,"column":73}},{"start":{},"end":{}}],"line":6},"1":{"loc":{"start":{"line":29,"column":20},"end":{"line":29,"column":36}},"type":"default-arg","locations":[{"start":{"line":29,"column":34},"end":{"line":29,"column":36}}],"line":29}},"s":{"0":160,"1":160,"2":2,"3":158,"4":158,"5":3,"6":158,"7":0,"8":158,"9":0,"10":158,"11":19,"12":158,"13":5,"14":158,"15":4,"16":158,"17":1,"18":158,"19":0,"20":158,"21":2,"22":158,"23":2,"24":158,"25":3,"26":158,"27":1,"28":158,"29":1,"30":158,"31":0,"32":158},"f":{"0":160,"1":3,"2":0,"3":0,"4":19,"5":5,"6":4,"7":1,"8":0,"9":2,"10":2,"11":3,"12":1,"13":1,"14":0},"b":{"0":[2,158],"1":[4]},"_coverageSchema":"1a1c01bbd47fc00a2c39e90264f33305004495a9","hash":"0599967f8d39ad26f01eeab4ad7f59af61e9c146"}
,"/home/SomeWhereMan/UniShit/SW302/Assignments/Assignment3/KanBanBoard/kanban-board-client/src/hooks/useOfflineSync.js": {"path":"/home/SomeWhereMan/UniShit/SW302/Assignments/Assignment3/KanBanBoard/kanban-board-client/src/hooks/useOfflineSync.js","statementMap":{"0":{"start":{"line":16,"column":55},"end":{"line":16,"column":70}},"1":{"start":{"line":18,"column":23},"end":{"line":18,"column":36}},"2":{"start":{"line":19,"column":25},"end":{"line":19,"column":38}},"3":{"start":{"line":20,"column":19},"end":{"line":20,"column":32}},"4":{"start":{"line":23,"column":2},"end":{"line":25,"column":14}},"5":{"start":{"line":24,"column":4},"end":{"line":24,"column":29}},"6":{"start":{"line":29,"column":2},"end":{"line":59,"column":16}},"7":{"start":{"line":32,"column":6},"end":{"line":32,"column":41}},"8":{"start":{"line":32,"column":34},"end":{"line":32,"column":41}},"9":{"start":{"line":33,"column":6},"end":{"line":33,"column":36}},"10":{"start":{"line":35,"column":25},"end":{"line":35,"column":47}},"11":{"start":{"line":36,"column":25},"end":{"line":36,"column":46}},"12":{"start":{"line":38,"column":6},"end":{"line":38,"column":30}},"13":{"start":{"line":38,"column":23},"end":{"line":38,"column":30}},"14":{"start":{"line":40,"column":6},"end":{"line":43,"column":9}},"15":{"start":{"line":45,"column":6},"end":{"line":45,"column":36}},"16":{"start":{"line":45,"column":29},"end":{"line":45,"column":36}},"17":{"start":{"line":47,"column":26},"end":{"line":47,"column":48}},"18":{"start":{"line":49,"column":6},"end":{"line":55,"column":7}},"19":{"start":{"line":50,"column":8},"end":{"line":54,"column":11}},"20":{"start":{"line":58,"column":4},"end":{"line":58,"column":24}},"21":{"start":{"line":63,"column":2},"end":{"line":66,"column":14}},"22":{"start":{"line":64,"column":4},"end":{"line":64,"column":26}},"23":{"start":{"line":65,"column":4},"end":{"line":65,"column":35}},"24":{"start":{"line":70,"column":23},"end":{"line":111,"column":32}},"25":{"start":{"line":71,"column":4},"end":{"line":71,"column":37}},"26":{"start":{"line":71,"column":30},"end":{"line":71,"column":37}},"27":{"start":{"line":72,"column":4},"end":{"line":72,"column":34}},"28":{"start":{"line":72,"column":27},"end":{"line":72,"column":34}},"29":{"start":{"line":74,"column":25},"end":{"line":74,"column":41}},"30":{"start":{"line":75,"column":4},"end":{"line":75,"column":79}},"31":{"start":{"line":75,"column":72},"end":{"line":75,"column":79}},"32":{"start":{"line":77,"column":4},"end":{"line":77,"column":32}},"33":{"start":{"line":79,"column":4},"end":{"line":110,"column":5}},"34":{"start":{"line":81,"column":24},"end":{"line":81,"column":51}},"35":{"start":{"line":82,"column":6},"end":{"line":104,"column":7}},"36":{"start":{"line":83,"column":8},"end":{"line":103,"column":9}},"37":{"start":{"line":84,"column":25},"end":{"line":84,"column":47}},"38":{"start":{"line":85,"column":10},"end":{"line":85,"column":31}},"39":{"start":{"line":88,"column":10},"end":{"line":91,"column":11}},"40":{"start":{"line":93,"column":10},"end":{"line":100,"column":11}},"41":{"start":{"line":95,"column":12},"end":{"line":95,"column":59}},"42":{"start":{"line":96,"column":12},"end":{"line":96,"column":31}},"43":{"start":{"line":99,"column":12},"end":{"line":99,"column":31}},"44":{"start":{"line":102,"column":10},"end":{"line":102,"column":16}},"45":{"start":{"line":106,"column":6},"end":{"line":106,"column":59}},"46":{"start":{"line":107,"column":6},"end":{"line":107,"column":25}},"47":{"start":{"line":109,"column":6},"end":{"line":109,"column":35}},"48":{"start":{"line":115,"column":2},"end":{"line":118,"column":21}},"49":{"start":{"line":116,"column":4},"end":{"line":116,"column":52}},"50":{"start":{"line":117,"column":4},"end":{"line":117,"column":68}},"51":{"start":{"line":117,"column":17},"end":{"line":117,"column":67}},"52":{"start":{"line":122,"column":2},"end":{"line":125,"column":21}},"53":{"start":{"line":123,"column":21},"end":{"line":123,"column":53}},"54":{"start":{"line":124,"column":4},"end":{"line":124,"column":41}},"55":{"start":{"line":124,"column":17},"end":{"line":124,"column":40}},"56":{"start":{"line":129,"column":2},"end":{"line":137,"column":38}},"57":{"start":{"line":130,"column":4},"end":{"line":136,"column":5}},"58":{"start":{"line":132,"column":24},"end":{"line":134,"column":13}},"59":{"start":{"line":133,"column":8},"end":{"line":133,"column":23}},"60":{"start":{"line":135,"column":6},"end":{"line":135,"column":43}},"61":{"start":{"line":135,"column":19},"end":{"line":135,"column":42}}},"fnMap":{"0":{"name":"useOfflineSync","decl":{"start":{"line":15,"column":16},"end":{"line":15,"column":30}},"loc":{"start":{"line":15,"column":33},"end":{"line":138,"column":1}},"line":15},"1":{"name":"(anonymous_1)","decl":{"start":{"line":23,"column":12},"end":{"line":23,"column":13}},"loc":{"start":{"line":23,"column":18},"end":{"line":25,"column":3}},"line":23},"2":{"name":"(anonymous_2)","decl":{"start":{"line":29,"column":12},"end":{"line":29,"column":13}},"loc":{"start":{"line":29,"column":18},"end":{"line":59,"column":3}},"line":29},"3":{"name":"hydrateAndMigrate","decl":{"start":{"line":30,"column":19},"end":{"line":30,"column":36}},"loc":{"start":{"line":30,"column":39},"end":{"line":56,"column":5}},"line":30},"4":{"name":"(anonymous_4)","decl":{"start":{"line":63,"column":12},"end":{"line":63,"column":13}},"loc":{"start":{"line":63,"column":18},"end":{"line":66,"column":3}},"line":63},"5":{"name":"(anonymous_5)","decl":{"start":{"line":70,"column":35},"end":{"line":70,"column":36}},"loc":{"start":{"line":70,"column":47},"end":{"line":111,"column":3}},"line":70},"6":{"name":"(anonymous_6)","decl":{"start":{"line":115,"column":12},"end":{"line":115,"column":13}},"loc":{"start":{"line":115,"column":18},"end":{"line":118,"column":3}},"line":115},"7":{"name":"(anonymous_7)","decl":{"start":{"line":117,"column":11},"end":{"line":117,"column":12}},"loc":{"start":{"line":117,"column":17},"end":{"line":117,"column":67}},"line":117},"8":{"name":"(anonymous_8)","decl":{"start":{"line":122,"column":12},"end":{"line":122,"column":13}},"loc":{"start":{"line":122,"column":18},"end":{"line":125,"column":3}},"line":122},"9":{"name":"(anonymous_9)","decl":{"start":{"line":124,"column":11},"end":{"line":124,"column":12}},"loc":{"start":{"line":124,"column":17},"end":{"line":124,"column":40}},"line":124},"10":{"name":"(anonymous_10)","decl":{"start":{"line":129,"column":12},"end":{"line":129,"column":13}},"loc":{"start":{"line":129,"column":18},"end":{"line":137,"column":3}},"line":129},"11":{"name":"(anonymous_11)","decl":{"start":{"line":132,"column":35},"end":{"line":132,"column":36}},"loc":{"start":{"line":132,"column":41},"end":{"line":134,"column":7}},"line":132},"12":{"name":"(anonymous_12)","decl":{"start":{"line":135,"column":13},"end":{"line":135,"column":14}},"loc":{"start":{"line":135,"column":19},"end":{"line":135,"column":42}},"line":135}},"branchMap":{"0":{"loc":{"start":{"line":32,"column":6},"end":{"line":32,"column":41}},"type":"if","locations":[{"start":{"line":32,"column":6},"end":{"line":32,"column":41}},{"start":{},"end":{}}],"line":32},"1":{"loc":{"start":{"line":38,"column":6},"end":{"line":38,"column":30}},"type":"if","locations":[{"start":{"line":38,"column":6},"end":{"line":38,"column":30}},{"start":{},"end":{}}],"line":38},"2":{"loc":{"start":{"line":42,"column":19},"end":{"line":42,"column":35}},"type":"binary-expr","locations":[{"start":{"line":42,"column":19},"end":{"line":42,"column":29}},{"start":{"line":42,"column":33},"end":{"line":42,"column":35}}],"line":42},"3":{"loc":{"start":{"line":45,"column":6},"end":{"line":45,"column":36}},"type":"if","locations":[{"start":{"line":45,"column":6},"end":{"line":45,"column":36}},{"start":{},"end":{}}],"line":45},"4":{"loc":{"start":{"line":49,"column":6},"end":{"line":55,"column":7}},"type":"if","locations":[{"start":{"line":49,"column":6},"end":{"line":55,"column":7}},{"start":{},"end":{}}],"line":49},"5":{"loc":{"start":{"line":71,"column":4},"end":{"line":71,"column":37}},"type":"if","locations":[{"start":{"line":71,"column":4},"end":{"line":71,"column":37}},{"start":{},"end":{}}],"line":71},"6":{"loc":{"start":{"line":72,"column":4},"end":{"line":72,"column":34}},"type":"if","locations":[{"start":{"line":72,"column":4},"end":{"line":72,"column":34}},{"start":{},"end":{}}],"line":72},"7":{"loc":{"start":{"line":75,"column":4},"end":{"line":75,"column":79}},"type":"if","locations":[{"start":{"line":75,"column":4},"end":{"line":75,"column":79}},{"start":{},"end":{}}],"line":75},"8":{"loc":{"start":{"line":75,"column":8},"end":{"line":75,"column":70}},"type":"binary-expr","locations":[{"start":{"line":75,"column":8},"end":{"line":75,"column":31}},{"start":{"line":75,"column":35},"end":{"line":75,"column":70}}],"line":75},"9":{"loc":{"start":{"line":88,"column":10},"end":{"line":91,"column":11}},"type":"if","locations":[{"start":{"line":88,"column":10},"end":{"line":91,"column":11}},{"start":{},"end":{}}],"line":88},"10":{"loc":{"start":{"line":93,"column":10},"end":{"line":100,"column":11}},"type":"if","locations":[{"start":{"line":93,"column":10},"end":{"line":100,"column":11}},{"start":{"line":97,"column":17},"end":{"line":100,"column":11}}],"line":93},"11":{"loc":{"start":{"line":130,"column":4},"end":{"line":136,"column":5}},"type":"if","locations":[{"start":{"line":130,"column":4},"end":{"line":136,"column":5}},{"start":{},"end":{}}],"line":130},"12":{"loc":{"start":{"line":130,"column":8},"end":{"line":130,"column":73}},"type":"binary-expr","locations":[{"start":{"line":130,"column":8},"end":{"line":130,"column":23}},{"start":{"line":130,"column":27},"end":{"line":130,"column":53}},{"start":{"line":130,"column":57},"end":{"line":130,"column":73}}],"line":130}},"s":{"0":9,"1":9,"2":9,"3":9,"4":9,"5":9,"6":9,"7":7,"8":0,"9":7,"10":7,"11":7,"12":7,"13":4,"14":3,"15":3,"16":0,"17":3,"18":3,"19":2,"20":7,"21":9,"22":9,"23":9,"24":9,"25":0,"26":0,"27":0,"28":0,"29":0,"30":0,"31":0,"32":0,"33":0,"34":0,"35":0,"36":0,"37":0,"38":0,"39":0,"40":0,"41":0,"42":0,"43":0,"44":0,"45":0,"46":0,"47":0,"48":9,"49":7,"50":7,"51":7,"52":9,"53":7,"54":7,"55":7,"56":9,"57":9,"58":0,"59":0,"60":0,"61":0},"f":{"0":9,"1":9,"2":7,"3":7,"4":9,"5":0,"6":7,"7":7,"8":7,"9":7,"10":9,"11":0,"12":0},"b":{"0":[0,7],"1":[4,3],"2":[3,0],"3":[0,3],"4":[2,1],"5":[0,0],"6":[0,0],"7":[0,0],"8":[0,0],"9":[0,0],"10":[0,0],"11":[0,9],"12":[9,9,0]},"_coverageSchema":"1a1c01bbd47fc00a2c39e90264f33305004495a9","hash":"eb066e74fdd90cb4e549f6666ef577a229736c5b"}
,"/home/SomeWhereMan/UniShit/SW302/Assignments/Assignment3/KanBanBoard/kanban-board-client/src/services/api.js": {"path":"/home/SomeWhereMan/UniShit/SW302/Assignments/Assignment3/KanBanBoard/kanban-board-client/src/services/api.js","statementMap":{"0":{"start":{"line":1,"column":21},"end":{"line":1,"column":44}},"1":{"start":{"line":6,"column":2},"end":{"line":6,"column":59}},"2":{"start":{"line":6,"column":34},"end":{"line":6,"column":57}},"3":{"start":{"line":11,"column":2},"end":{"line":11,"column":15}},"4":{"start":{"line":17,"column":2},"end":{"line":17,"column":41}},"5":{"start":{"line":19,"column":2},"end":{"line":21,"column":3}},"6":{"start":{"line":20,"column":4},"end":{"line":20,"column":49}},"7":{"start":{"line":25,"column":17},"end":{"line":29,"column":3}},"8":{"start":{"line":31,"column":14},"end":{"line":35,"column":4}},"9":{"start":{"line":37,"column":2},"end":{"line":43,"column":3}},"10":{"start":{"line":38,"column":21},"end":{"line":38,"column":37}},"11":{"start":{"line":39,"column":16},"end":{"line":39,"column":45}},"12":{"start":{"line":40,"column":4},"end":{"line":40,"column":26}},"13":{"start":{"line":41,"column":4},"end":{"line":41,"column":24}},"14":{"start":{"line":42,"column":4},"end":{"line":42,"column":14}},"15":{"start":{"line":45,"column":2},"end":{"line":47,"column":3}},"16":{"start":{"line":46,"column":4},"end":{"line":46,"column":36}},"17":{"start":{"line":49,"column":2},"end":{"line":49,"column":20}},"18":{"start":{"line":55,"column":2},"end":{"line":66,"column":3}},"19":{"start":{"line":56,"column":16},"end":{"line":56,"column":52}},"20":{"start":{"line":58,"column":4},"end":{"line":60,"column":5}},"21":{"start":{"line":59,"column":6},"end":{"line":59,"column":54}},"22":{"start":{"line":62,"column":4},"end":{"line":62,"column":22}},"23":{"start":{"line":64,"column":4},"end":{"line":64,"column":49}},"24":{"start":{"line":65,"column":4},"end":{"line":65,"column":29}},"25":{"start":{"line":72,"column":14},"end":{"line":76,"column":4}},"26":{"start":{"line":78,"column":2},"end":{"line":80,"column":3}},"27":{"start":{"line":79,"column":4},"end":{"line":79,"column":40}},"28":{"start":{"line":82,"column":2},"end":{"line":82,"column":20}}},"fnMap":{"0":{"name":"delay","decl":{"start":{"line":5,"column":9},"end":{"line":5,"column":14}},"loc":{"start":{"line":5,"column":19},"end":{"line":7,"column":1}},"line":5},"1":{"name":"(anonymous_1)","decl":{"start":{"line":6,"column":21},"end":{"line":6,"column":22}},"loc":{"start":{"line":6,"column":34},"end":{"line":6,"column":57}},"line":6},"2":{"name":"shouldFail","decl":{"start":{"line":10,"column":9},"end":{"line":10,"column":19}},"loc":{"start":{"line":10,"column":22},"end":{"line":12,"column":1}},"line":10},"3":{"name":"syncAction","decl":{"start":{"line":16,"column":22},"end":{"line":16,"column":32}},"loc":{"start":{"line":16,"column":43},"end":{"line":50,"column":1}},"line":16},"4":{"name":"getServerState","decl":{"start":{"line":54,"column":22},"end":{"line":54,"column":36}},"loc":{"start":{"line":54,"column":39},"end":{"line":67,"column":1}},"line":54},"5":{"name":"migrateSnapshot","decl":{"start":{"line":71,"column":22},"end":{"line":71,"column":37}},"loc":{"start":{"line":71,"column":48},"end":{"line":83,"column":1}},"line":71}},"branchMap":{"0":{"loc":{"start":{"line":19,"column":2},"end":{"line":21,"column":3}},"type":"if","locations":[{"start":{"line":19,"column":2},"end":{"line":21,"column":3}},{"start":{},"end":{}}],"line":19},"1":{"loc":{"start":{"line":37,"column":2},"end":{"line":43,"column":3}},"type":"if","locations":[{"start":{"line":37,"column":2},"end":{"line":43,"column":3}},{"start":{},"end":{}}],"line":37},"2":{"loc":{"start":{"line":45,"column":2},"end":{"line":47,"column":3}},"type":"if","locations":[{"start":{"line":45,"column":2},"end":{"line":47,"column":3}},{"start":{},"end":{}}],"line":45},"3":{"loc":{"start":{"line":58,"column":4},"end":{"line":60,"column":5}},"type":"if","locations":[{"start":{"line":58,"column":4},"end":{"line":60,"column":5}},{"start":{},"end":{}}],"line":58},"4":{"loc":{"start":{"line":78,"column":2},"end":{"line":80,"column":3}},"type":"if","locations":[{"start":{"line":78,"column":2},"end":{"line":80,"column":3}},{"start":{},"end":{}}],"line":78}},"s":{"0":1,"1":0,"2":0,"3":0,"4":0,"5":0,"6":0,"7":0,"8":0,"9":0,"10":0,"11":0,"12":0,"13":0,"14":0,"15":0,"16":0,"17":0,"18":0,"19":0,"20":0,"21":0,"22":0,"23":0,"24":0,"25":0,"26":0,"27":0,"28":0},"f":{"0":0,"1":0,"2":0,"3":0,"4":0,"5":0},"b":{"0":[0,0],"1":[0,0],"2":[0,0],"3":[0,0],"4":[0,0]},"_coverageSchema":"1a1c01bbd47fc00a2c39e90264f33305004495a9","hash":"e95985226ddaa5d355938f7e12efd8319ed6a818"}
,"/home/SomeWhereMan/UniShit/SW302/Assignments/Assignment3/KanBanBoard/kanban-board-client/src/services/storage.js": {"path":"/home/SomeWhereMan/UniShit/SW302/Assignments/Assignment3/KanBanBoard/kanban-board-client/src/services/storage.js","statementMap":{"0":{"start":{"line":1,"column":16},"end":{"line":1,"column":33}},"1":{"start":{"line":2,"column":19},"end":{"line":2,"column":20}},"2":{"start":{"line":4,"column":20},"end":{"line":4,"column":27}},"3":{"start":{"line":5,"column":20},"end":{"line":5,"column":27}},"4":{"start":{"line":11,"column":2},"end":{"line":28,"column":5}},"5":{"start":{"line":12,"column":20},"end":{"line":12,"column":55}},"6":{"start":{"line":14,"column":4},"end":{"line":24,"column":6}},"7":{"start":{"line":15,"column":17},"end":{"line":15,"column":31}},"8":{"start":{"line":17,"column":6},"end":{"line":19,"column":7}},"9":{"start":{"line":18,"column":8},"end":{"line":18,"column":42}},"10":{"start":{"line":21,"column":6},"end":{"line":23,"column":7}},"11":{"start":{"line":22,"column":8},"end":{"line":22,"column":42}},"12":{"start":{"line":26,"column":4},"end":{"line":26,"column":54}},"13":{"start":{"line":26,"column":30},"end":{"line":26,"column":53}},"14":{"start":{"line":27,"column":4},"end":{"line":27,"column":50}},"15":{"start":{"line":27,"column":28},"end":{"line":27,"column":49}},"16":{"start":{"line":35,"column":13},"end":{"line":35,"column":27}},"17":{"start":{"line":37,"column":2},"end":{"line":45,"column":5}},"18":{"start":{"line":38,"column":15},"end":{"line":38,"column":55}},"19":{"start":{"line":39,"column":18},"end":{"line":39,"column":45}},"20":{"start":{"line":41,"column":4},"end":{"line":41,"column":30}},"21":{"start":{"line":43,"column":4},"end":{"line":43,"column":36}},"22":{"start":{"line":43,"column":26},"end":{"line":43,"column":35}},"23":{"start":{"line":44,"column":4},"end":{"line":44,"column":40}},"24":{"start":{"line":44,"column":23},"end":{"line":44,"column":39}},"25":{"start":{"line":52,"column":13},"end":{"line":52,"column":27}},"26":{"start":{"line":54,"column":2},"end":{"line":62,"column":5}},"27":{"start":{"line":55,"column":15},"end":{"line":55,"column":54}},"28":{"start":{"line":56,"column":18},"end":{"line":56,"column":45}},"29":{"start":{"line":58,"column":20},"end":{"line":58,"column":38}},"30":{"start":{"line":60,"column":4},"end":{"line":60,"column":62}},"31":{"start":{"line":60,"column":30},"end":{"line":60,"column":61}},"32":{"start":{"line":61,"column":4},"end":{"line":61,"column":50}},"33":{"start":{"line":61,"column":28},"end":{"line":61,"column":49}},"34":{"start":{"line":69,"column":13},"end":{"line":69,"column":27}},"35":{"start":{"line":71,"column":2},"end":{"line":79,"column":5}},"36":{"start":{"line":72,"column":15},"end":{"line":72,"column":55}},"37":{"start":{"line":73,"column":18},"end":{"line":73,"column":45}},"38":{"start":{"line":75,"column":4},"end":{"line":75,"column":30}},"39":{"start":{"line":77,"column":4},"end":{"line":77,"column":36}},"40":{"start":{"line":77,"column":26},"end":{"line":77,"column":35}},"41":{"start":{"line":78,"column":4},"end":{"line":78,"column":40}},"42":{"start":{"line":78,"column":23},"end":{"line":78,"column":39}},"43":{"start":{"line":86,"column":13},"end":{"line":86,"column":27}},"44":{"start":{"line":88,"column":2},"end":{"line":96,"column":5}},"45":{"start":{"line":89,"column":15},"end":{"line":89,"column":54}},"46":{"start":{"line":90,"column":18},"end":{"line":90,"column":45}},"47":{"start":{"line":92,"column":20},"end":{"line":92,"column":38}},"48":{"start":{"line":94,"column":4},"end":{"line":94,"column":60}},"49":{"start":{"line":94,"column":30},"end":{"line":94,"column":59}},"50":{"start":{"line":95,"column":4},"end":{"line":95,"column":50}},"51":{"start":{"line":95,"column":28},"end":{"line":95,"column":49}},"52":{"start":{"line":103,"column":13},"end":{"line":103,"column":27}},"53":{"start":{"line":105,"column":2},"end":{"line":113,"column":5}},"54":{"start":{"line":106,"column":15},"end":{"line":106,"column":70}},"55":{"start":{"line":108,"column":4},"end":{"line":108,"column":40}},"56":{"start":{"line":109,"column":4},"end":{"line":109,"column":40}},"57":{"start":{"line":111,"column":4},"end":{"line":111,"column":36}},"58":{"start":{"line":111,"column":26},"end":{"line":111,"column":35}},"59":{"start":{"line":112,"column":4},"end":{"line":112,"column":40}},"60":{"start":{"line":112,"column":23},"end":{"line":112,"column":39}}},"fnMap":{"0":{"name":"openDB","decl":{"start":{"line":10,"column":9},"end":{"line":10,"column":15}},"loc":{"start":{"line":10,"column":18},"end":{"line":29,"column":1}},"line":10},"1":{"name":"(anonymous_1)","decl":{"start":{"line":11,"column":21},"end":{"line":11,"column":22}},"loc":{"start":{"line":11,"column":42},"end":{"line":28,"column":3}},"line":11},"2":{"name":"(anonymous_2)","decl":{"start":{"line":14,"column":30},"end":{"line":14,"column":31}},"loc":{"start":{"line":14,"column":36},"end":{"line":24,"column":5}},"line":14},"3":{"name":"(anonymous_3)","decl":{"start":{"line":26,"column":24},"end":{"line":26,"column":25}},"loc":{"start":{"line":26,"column":30},"end":{"line":26,"column":53}},"line":26},"4":{"name":"(anonymous_4)","decl":{"start":{"line":27,"column":22},"end":{"line":27,"column":23}},"loc":{"start":{"line":27,"column":28},"end":{"line":27,"column":49}},"line":27},"5":{"name":"saveBoardState","decl":{"start":{"line":34,"column":22},"end":{"line":34,"column":36}},"loc":{"start":{"line":34,"column":44},"end":{"line":46,"column":1}},"line":34},"6":{"name":"(anonymous_6)","decl":{"start":{"line":37,"column":21},"end":{"line":37,"column":22}},"loc":{"start":{"line":37,"column":42},"end":{"line":45,"column":3}},"line":37},"7":{"name":"(anonymous_7)","decl":{"start":{"line":43,"column":20},"end":{"line":43,"column":21}},"loc":{"start":{"line":43,"column":26},"end":{"line":43,"column":35}},"line":43},"8":{"name":"(anonymous_8)","decl":{"start":{"line":44,"column":17},"end":{"line":44,"column":18}},"loc":{"start":{"line":44,"column":23},"end":{"line":44,"column":39}},"line":44},"9":{"name":"loadBoardState","decl":{"start":{"line":51,"column":22},"end":{"line":51,"column":36}},"loc":{"start":{"line":51,"column":39},"end":{"line":63,"column":1}},"line":51},"10":{"name":"(anonymous_10)","decl":{"start":{"line":54,"column":21},"end":{"line":54,"column":22}},"loc":{"start":{"line":54,"column":42},"end":{"line":62,"column":3}},"line":54},"11":{"name":"(anonymous_11)","decl":{"start":{"line":60,"column":24},"end":{"line":60,"column":25}},"loc":{"start":{"line":60,"column":30},"end":{"line":60,"column":61}},"line":60},"12":{"name":"(anonymous_12)","decl":{"start":{"line":61,"column":22},"end":{"line":61,"column":23}},"loc":{"start":{"line":61,"column":28},"end":{"line":61,"column":49}},"line":61},"13":{"name":"saveSyncQueue","decl":{"start":{"line":68,"column":22},"end":{"line":68,"column":35}},"loc":{"start":{"line":68,"column":43},"end":{"line":80,"column":1}},"line":68},"14":{"name":"(anonymous_14)","decl":{"start":{"line":71,"column":21},"end":{"line":71,"column":22}},"loc":{"start":{"line":71,"column":42},"end":{"line":79,"column":3}},"line":71},"15":{"name":"(anonymous_15)","decl":{"start":{"line":77,"column":20},"end":{"line":77,"column":21}},"loc":{"start":{"line":77,"column":26},"end":{"line":77,"column":35}},"line":77},"16":{"name":"(anonymous_16)","decl":{"start":{"line":78,"column":17},"end":{"line":78,"column":18}},"loc":{"start":{"line":78,"column":23},"end":{"line":78,"column":39}},"line":78},"17":{"name":"loadSyncQueue","decl":{"start":{"line":85,"column":22},"end":{"line":85,"column":35}},"loc":{"start":{"line":85,"column":38},"end":{"line":97,"column":1}},"line":85},"18":{"name":"(anonymous_18)","decl":{"start":{"line":88,"column":21},"end":{"line":88,"column":22}},"loc":{"start":{"line":88,"column":42},"end":{"line":96,"column":3}},"line":88},"19":{"name":"(anonymous_19)","decl":{"start":{"line":94,"column":24},"end":{"line":94,"column":25}},"loc":{"start":{"line":94,"column":30},"end":{"line":94,"column":59}},"line":94},"20":{"name":"(anonymous_20)","decl":{"start":{"line":95,"column":22},"end":{"line":95,"column":23}},"loc":{"start":{"line":95,"column":28},"end":{"line":95,"column":49}},"line":95},"21":{"name":"clearStorage","decl":{"start":{"line":102,"column":22},"end":{"line":102,"column":34}},"loc":{"start":{"line":102,"column":37},"end":{"line":114,"column":1}},"line":102},"22":{"name":"(anonymous_22)","decl":{"start":{"line":105,"column":21},"end":{"line":105,"column":22}},"loc":{"start":{"line":105,"column":42},"end":{"line":113,"column":3}},"line":105},"23":{"name":"(anonymous_23)","decl":{"start":{"line":111,"column":20},"end":{"line":111,"column":21}},"loc":{"start":{"line":111,"column":26},"end":{"line":111,"column":35}},"line":111},"24":{"name":"(anonymous_24)","decl":{"start":{"line":112,"column":17},"end":{"line":112,"column":18}},"loc":{"start":{"line":112,"column":23},"end":{"line":112,"column":39}},"line":112}},"branchMap":{"0":{"loc":{"start":{"line":17,"column":6},"end":{"line":19,"column":7}},"type":"if","locations":[{"start":{"line":17,"column":6},"end":{"line":19,"column":7}},{"start":{},"end":{}}],"line":17},"1":{"loc":{"start":{"line":21,"column":6},"end":{"line":23,"column":7}},"type":"if","locations":[{"start":{"line":21,"column":6},"end":{"line":23,"column":7}},{"start":{},"end":{}}],"line":21},"2":{"loc":{"start":{"line":60,"column":38},"end":{"line":60,"column":60}},"type":"binary-expr","locations":[{"start":{"line":60,"column":38},"end":{"line":60,"column":52}},{"start":{"line":60,"column":56},"end":{"line":60,"column":60}}],"line":60},"3":{"loc":{"start":{"line":94,"column":38},"end":{"line":94,"column":58}},"type":"binary-expr","locations":[{"start":{"line":94,"column":38},"end":{"line":94,"column":52}},{"start":{"line":94,"column":56},"end":{"line":94,"column":58}}],"line":94}},"s":{"0":1,"1":1,"2":1,"3":1,"4":0,"5":0,"6":0,"7":0,"8":0,"9":0,"10":0,"11":0,"12":0,"13":0,"14":0,"15":0,"16":0,"17":0,"18":0,"19":0,"20":0,"21":0,"22":0,"23":0,"24":0,"25":0,"26":0,"27":0,"28":0,"29":0,"30":0,"31":0,"32":0,"33":0,"34":0,"35":0,"36":0,"37":0,"38":0,"39":0,"40":0,"41":0,"42":0,"43":0,"44":0,"45":0,"46":0,"47":0,"48":0,"49":0,"50":0,"51":0,"52":0,"53":0,"54":0,"55":0,"56":0,"57":0,"58":0,"59":0,"60":0},"f":{"0":0,"1":0,"2":0,"3":0,"4":0,"5":0,"6":0,"7":0,"8":0,"9":0,"10":0,"11":0,"12":0,"13":0,"14":0,"15":0,"16":0,"17":0,"18":0,"19":0,"20":0,"21":0,"22":0,"23":0,"24":0},"b":{"0":[0,0],"1":[0,0],"2":[0,0],"3":[0,0]},"_coverageSchema":"1a1c01bbd47fc00a2c39e90264f33305004495a9","hash":"c5cadff904d4388efa4b67a8f3aced91bf290c90"}
,"/home/SomeWhereMan/UniShit/SW302/Assignments/Assignment3/KanBanBoard/kanban-board-client/src/utils/models.js": {"path":"/home/SomeWhereMan/UniShit/SW302/Assignments/Assignment3/KanBanBoard/kanban-board-client/src/utils/models.js","statementMap":{"0":{"start":{"line":7,"column":2},"end":{"line":7,"column":34}},"1":{"start":{"line":16,"column":2},"end":{"line":23,"column":4}},"2":{"start":{"line":35,"column":2},"end":{"line":43,"column":4}},"3":{"start":{"line":51,"column":2},"end":{"line":59,"column":4}},"4":{"start":{"line":73,"column":2},"end":{"line":82,"column":4}},"5":{"start":{"line":89,"column":2},"end":{"line":93,"column":4}}},"fnMap":{"0":{"name":"now","decl":{"start":{"line":6,"column":9},"end":{"line":6,"column":12}},"loc":{"start":{"line":6,"column":15},"end":{"line":8,"column":1}},"line":6},"1":{"name":"createList","decl":{"start":{"line":15,"column":16},"end":{"line":15,"column":26}},"loc":{"start":{"line":15,"column":38},"end":{"line":24,"column":1}},"line":15},"2":{"name":"createCard","decl":{"start":{"line":34,"column":16},"end":{"line":34,"column":26}},"loc":{"start":{"line":34,"column":75},"end":{"line":44,"column":1}},"line":34},"3":{"name":"createEmptyBoardState","decl":{"start":{"line":50,"column":16},"end":{"line":50,"column":37}},"loc":{"start":{"line":50,"column":40},"end":{"line":60,"column":1}},"line":50},"4":{"name":"createSyncQueueItem","decl":{"start":{"line":66,"column":16},"end":{"line":66,"column":35}},"loc":{"start":{"line":72,"column":3},"end":{"line":83,"column":1}},"line":72},"5":{"name":"createBoardSnapshot","decl":{"start":{"line":88,"column":16},"end":{"line":88,"column":35}},"loc":{"start":{"line":88,"column":65},"end":{"line":94,"column":1}},"line":88}},"branchMap":{"0":{"loc":{"start":{"line":34,"column":44},"end":{"line":34,"column":60}},"type":"default-arg","locations":[{"start":{"line":34,"column":58},"end":{"line":34,"column":60}}],"line":34},"1":{"loc":{"start":{"line":34,"column":62},"end":{"line":34,"column":71}},"type":"default-arg","locations":[{"start":{"line":34,"column":69},"end":{"line":34,"column":71}}],"line":34}},"s":{"0":74,"1":53,"2":21,"3":69,"4":0,"5":92},"f":{"0":74,"1":53,"2":21,"3":69,"4":0,"5":92},"b":{"0":[3],"1":[3]},"_coverageSchema":"1a1c01bbd47fc00a2c39e90264f33305004495a9","hash":"7d613044c5571c5e5328e571832bb776d29c30c5"}
}
