TN:
SF:src/App.jsx
FN:6,App
FN:11,(anonymous_1)
FN:12,(anonymous_2)
FN:31,(anonymous_3)
FNF:4
FNH:4
FNDA:6,App
FNDA:4,(anonymous_1)
FNDA:2,(anonymous_2)
FNDA:4,(anonymous_3)
DA:7,6
DA:8,6
DA:11,6
DA:12,4
DA:13,2
DA:14,2
DA:16,2
DA:17,1
DA:18,1
DA:21,2
DA:25,0
DA:26,0
DA:30,4
DA:31,4
DA:34,6
LF:15
LH:13
BRDA:14,0,0,0
BRDA:14,0,1,2
BRDA:16,1,0,1
BRDA:16,1,1,1
BRDA:16,2,0,2
BRDA:16,2,1,2
BRDA:16,2,2,1
BRDA:21,3,0,0
BRDA:21,3,1,2
BRDA:22,4,0,2
BRDA:22,4,1,2
BRDA:22,4,2,0
BRDA:22,4,3,0
BRDA:22,4,4,2
BRDA:22,4,5,2
BRF:15
BRH:11
end_of_record
TN:
SF:src/components/Board.jsx
FN:4,Board
FN:6,(anonymous_1)
FN:13,(anonymous_2)
FN:24,(anonymous_3)
FNF:4
FNH:4
FNDA:13,Board
FNDA:5,(anonymous_1)
FNDA:4,(anonymous_2)
FNDA:5,(anonymous_3)
DA:5,13
DA:6,13
DA:8,13
DA:13,4
DA:25,5
LF:5
LH:5
BRDA:6,0,0,13
BRDA:6,0,1,0
BRDA:21,1,0,13
BRDA:21,1,1,9
BRF:4
BRH:3
end_of_record
TN:
SF:src/components/Card.jsx
FN:5,(anonymous_0)
FN:7,Card
FN:15,(anonymous_2)
FN:19,(anonymous_3)
FN:25,(anonymous_4)
FN:37,(anonymous_5)
FN:51,(anonymous_6)
FN:64,(anonymous_7)
FN:66,(anonymous_8)
FN:72,(anonymous_9)
FN:78,(anonymous_10)
FN:94,(anonymous_11)
FN:98,(anonymous_12)
FN:117,(anonymous_13)
FNF:14
FNH:8
FNDA:1,(anonymous_0)
FNDA:23,Card
FNDA:9,(anonymous_2)
FNDA:0,(anonymous_3)
FNDA:1,(anonymous_4)
FNDA:0,(anonymous_5)
FNDA:27,(anonymous_6)
FNDA:0,(anonymous_7)
FNDA:0,(anonymous_8)
FNDA:5,(anonymous_9)
FNDA:1,(anonymous_10)
FNDA:1,(anonymous_11)
FNDA:0,(anonymous_12)
FNDA:0,(anonymous_13)
DA:5,4
DA:8,23
DA:9,23
DA:10,23
DA:11,23
DA:12,23
DA:15,23
DA:16,9
DA:19,23
DA:20,0
DA:21,0
DA:25,23
DA:26,1
DA:27,1
DA:28,1
DA:32,1
DA:34,1
DA:37,23
DA:38,0
DA:39,0
DA:42,23
DA:53,27
DA:54,0
DA:55,0
DA:64,0
DA:66,0
DA:73,5
DA:74,5
DA:79,1
DA:80,1
DA:81,1
DA:82,1
DA:95,1
DA:96,1
DA:98,0
DA:117,0
LF:36
LH:26
BRDA:20,0,0,0
BRDA:20,0,1,0
BRDA:48,1,0,2
BRDA:48,1,1,21
BRDA:49,2,0,23
BRDA:49,2,1,0
BRDA:53,3,0,0
BRDA:53,3,1,27
BRDA:53,4,0,27
BRDA:53,4,1,1
BRDA:53,4,2,1
BRDA:60,5,0,0
BRDA:60,5,1,23
BRDA:66,6,0,0
BRDA:66,6,1,0
BRDA:79,7,0,1
BRDA:79,7,1,0
BRDA:79,8,0,1
BRDA:79,8,1,0
BRDA:107,9,0,23
BRDA:107,9,1,12
BRF:21
BRH:12
end_of_record
TN:
SF:src/components/CardModal.jsx
FN:4,CardModal
FN:14,(anonymous_1)
FN:23,(anonymous_2)
FN:35,(anonymous_3)
FN:38,(anonymous_4)
FN:54,(anonymous_5)
FN:66,(anonymous_6)
FN:74,(anonymous_7)
FN:80,(anonymous_8)
FN:88,(anonymous_9)
FN:89,(anonymous_10)
FN:92,(anonymous_11)
FN:99,(anonymous_12)
FN:122,(anonymous_13)
FN:155,(anonymous_14)
FN:174,(anonymous_15)
FN:194,(anonymous_16)
FN:208,(anonymous_17)
FN:216,(anonymous_18)
FNF:19
FNH:9
FNDA:36,CardModal
FNDA:5,(anonymous_1)
FNDA:5,(anonymous_2)
FNDA:5,(anonymous_3)
FNDA:27,(anonymous_4)
FNDA:27,(anonymous_5)
FNDA:5,(anonymous_6)
FNDA:0,(anonymous_7)
FNDA:0,(anonymous_8)
FNDA:0,(anonymous_9)
FNDA:0,(anonymous_10)
FNDA:0,(anonymous_11)
FNDA:0,(anonymous_12)
FNDA:2,(anonymous_13)
FNDA:27,(anonymous_14)
FNDA:0,(anonymous_15)
FNDA:0,(anonymous_16)
FNDA:0,(anonymous_17)
FNDA:0,(anonymous_18)
DA:5,36
DA:6,36
DA:7,36
DA:8,36
DA:9,36
DA:10,36
DA:11,36
DA:14,36
DA:15,5
DA:16,5
DA:17,5
DA:18,5
DA:23,36
DA:24,5
DA:26,5
DA:27,5
DA:30,5
DA:31,5
DA:34,5
DA:35,5
DA:38,5
DA:39,27
DA:41,2
DA:42,0
DA:43,0
DA:44,0
DA:47,2
DA:48,0
DA:49,0
DA:54,5
DA:55,27
DA:56,0
DA:60,5
DA:61,5
DA:64,5
DA:66,5
DA:67,5
DA:68,5
DA:69,5
DA:74,36
DA:75,0
DA:76,0
DA:80,36
DA:81,0
DA:82,0
DA:83,0
DA:84,0
DA:88,36
DA:89,0
DA:92,36
DA:93,0
DA:94,0
DA:95,0
DA:99,36
DA:100,0
DA:101,0
DA:106,0
DA:109,36
DA:111,36
DA:122,2
DA:155,27
DA:174,0
DA:194,0
DA:209,0
DA:216,0
LF:65
LH:42
BRDA:6,0,0,36
BRDA:6,0,1,0
BRDA:7,1,0,36
BRDA:7,1,1,0
BRDA:8,2,0,36
BRDA:8,2,1,0
BRDA:15,3,0,5
BRDA:15,3,1,0
BRDA:16,4,0,5
BRDA:16,4,1,0
BRDA:17,5,0,5
BRDA:17,5,1,0
BRDA:18,6,0,5
BRDA:18,6,1,0
BRDA:24,7,0,0
BRDA:24,7,1,5
BRDA:34,8,0,5
BRDA:34,8,1,0
BRDA:39,9,0,25
BRDA:39,9,1,2
BRDA:41,10,0,0
BRDA:41,10,1,2
BRDA:42,11,0,0
BRDA:42,11,1,0
BRDA:47,12,0,0
BRDA:47,12,1,2
BRDA:55,13,0,0
BRDA:55,13,1,27
BRDA:75,14,0,0
BRDA:75,14,1,0
BRDA:82,15,0,0
BRDA:82,15,1,0
BRDA:82,16,0,0
BRDA:82,16,1,0
BRDA:93,17,0,0
BRDA:93,17,1,0
BRDA:100,18,0,0
BRDA:100,18,1,0
BRDA:102,19,0,0
BRDA:102,19,1,0
BRDA:109,20,0,0
BRDA:109,20,1,36
BRF:42
BRH:15
end_of_record
TN:
SF:src/components/List.jsx
FN:5,List
FN:13,(anonymous_1)
FN:19,(anonymous_2)
FN:26,(anonymous_3)
FN:41,(anonymous_4)
FN:48,(anonymous_5)
FN:63,(anonymous_6)
FN:71,(anonymous_7)
FN:85,(anonymous_8)
FN:102,(anonymous_9)
FN:104,(anonymous_10)
FN:110,(anonymous_11)
FN:118,(anonymous_12)
FN:122,(anonymous_13)
FN:146,(anonymous_14)
FN:151,(anonymous_15)
FN:163,(anonymous_16)
FN:173,(anonymous_17)
FN:187,(anonymous_18)
FN:214,(anonymous_19)
FN:218,(anonymous_20)
FNF:21
FNH:9
FNDA:31,List
FNDA:1,(anonymous_1)
FNDA:1,(anonymous_2)
FNDA:0,(anonymous_3)
FNDA:0,(anonymous_4)
FNDA:0,(anonymous_5)
FNDA:0,(anonymous_6)
FNDA:0,(anonymous_7)
FNDA:13,(anonymous_8)
FNDA:13,(anonymous_9)
FNDA:13,(anonymous_10)
FNDA:3,(anonymous_11)
FNDA:1,(anonymous_12)
FNDA:0,(anonymous_13)
FNDA:0,(anonymous_14)
FNDA:0,(anonymous_15)
FNDA:0,(anonymous_16)
FNDA:0,(anonymous_17)
FNDA:0,(anonymous_18)
FNDA:1,(anonymous_19)
FNDA:0,(anonymous_20)
DA:7,31
DA:8,31
DA:9,31
DA:10,31
DA:11,31
DA:13,31
DA:14,1
DA:15,1
DA:19,31
DA:22,1
DA:23,1
DA:26,31
DA:27,0
DA:28,0
DA:29,0
DA:30,0
DA:31,0
DA:32,0
DA:33,0
DA:34,0
DA:41,31
DA:43,0
DA:44,0
DA:48,31
DA:49,0
DA:50,0
DA:51,0
DA:52,0
DA:53,0
DA:54,0
DA:55,0
DA:56,0
DA:63,31
DA:65,0
DA:66,0
DA:67,0
DA:68,0
DA:71,31
DA:73,0
DA:74,0
DA:75,0
DA:79,31
DA:86,13
DA:87,0
DA:88,0
DA:102,13
DA:104,13
DA:110,3
DA:119,1
DA:120,1
DA:122,0
DA:147,0
DA:148,0
DA:151,0
DA:152,0
DA:153,0
DA:154,0
DA:155,0
DA:156,0
DA:157,0
DA:159,0
DA:163,0
DA:165,0
DA:173,0
DA:174,0
DA:175,0
DA:176,0
DA:177,0
DA:178,0
DA:179,0
DA:180,0
DA:187,0
DA:188,0
DA:189,0
DA:193,0
DA:215,1
DA:216,1
DA:218,0
LF:78
LH:25
BRDA:14,0,0,1
BRDA:14,0,1,0
BRDA:33,1,0,0
BRDA:33,1,1,0
BRDA:33,2,0,0
BRDA:33,2,1,0
BRDA:55,3,0,0
BRDA:55,3,1,0
BRDA:55,4,0,0
BRDA:55,4,1,0
BRDA:73,5,0,0
BRDA:73,5,1,0
BRDA:86,6,0,0
BRDA:86,6,1,13
BRDA:86,7,0,13
BRDA:86,7,1,1
BRDA:98,8,0,16
BRDA:98,8,1,15
BRDA:104,9,0,13
BRDA:104,9,1,1
BRDA:133,10,0,0
BRDA:133,10,1,31
BRDA:133,11,0,31
BRDA:133,11,1,0
BRDA:141,12,0,31
BRDA:141,12,1,31
BRDA:143,13,0,0
BRDA:143,13,1,31
BRDA:148,14,0,0
BRDA:148,14,1,0
BRDA:157,15,0,0
BRDA:157,15,1,0
BRDA:157,16,0,0
BRDA:157,16,1,0
BRDA:159,17,0,0
BRDA:159,17,1,0
BRDA:160,18,0,0
BRDA:160,18,1,0
BRDA:160,18,2,0
BRDA:176,19,0,0
BRDA:176,19,1,0
BRDA:176,20,0,0
BRDA:176,20,1,0
BRDA:188,21,0,0
BRDA:188,21,1,0
BRDA:197,22,0,0
BRDA:197,22,1,0
BRF:47
BRH:13
end_of_record
TN:
SF:src/context/boardProvider.jsx
FN:15,BoardProvider
FNF:1
FNH:1
FNDA:87,BoardProvider
DA:9,6
DA:16,87
DA:22,81
LF:3
LH:3
BRF:0
BRH:0
end_of_record
TN:
SF:src/context/boardReducer.js
FN:4,boardReducer
FN:30,(anonymous_1)
FN:99,(anonymous_2)
FN:104,(anonymous_3)
FN:122,(anonymous_4)
FN:147,(anonymous_5)
FN:162,(anonymous_6)
FN:165,(anonymous_7)
FN:249,(anonymous_8)
FNF:9
FNH:8
FNDA:105,boardReducer
FNDA:0,(anonymous_1)
FNDA:1,(anonymous_2)
FNDA:1,(anonymous_3)
FNDA:4,(anonymous_4)
FNDA:5,(anonymous_5)
FNDA:3,(anonymous_6)
FNDA:3,(anonymous_7)
FNDA:3,(anonymous_8)
DA:5,105
DA:7,41
DA:8,41
DA:14,41
DA:26,16
DA:27,16
DA:29,16
DA:30,0
DA:33,14
DA:40,14
DA:58,12
DA:59,12
DA:65,12
DA:76,4
DA:77,4
DA:83,4
DA:97,5
DA:98,5
DA:99,5
DA:100,3
DA:101,3
DA:104,3
DA:111,3
DA:118,3
DA:122,4
DA:131,6
DA:132,6
DA:133,6
DA:134,6
DA:140,6
DA:147,5
DA:158,4
DA:159,4
DA:160,4
DA:162,4
DA:164,4
DA:165,4
DA:166,4
DA:168,4
DA:175,4
DA:194,1
DA:195,1
DA:196,1
DA:197,1
DA:198,1
DA:200,1
DA:201,1
DA:204,1
DA:213,7
DA:215,6
DA:217,6
DA:228,2
DA:230,2
DA:232,2
DA:243,3
DA:246,2
DA:249,3
DA:254,1
DA:257,1
LF:59
LH:58
BRDA:5,0,0,41
BRDA:5,0,1,16
BRDA:5,0,2,12
BRDA:5,0,3,4
BRDA:5,0,4,5
BRDA:5,0,5,6
BRDA:5,0,6,4
BRDA:5,0,7,1
BRDA:5,0,8,7
BRDA:5,0,9,2
BRDA:5,0,10,3
BRDA:5,0,11,2
BRDA:5,0,12,1
BRDA:5,0,13,1
BRDA:12,1,0,41
BRDA:12,1,1,34
BRDA:17,2,0,41
BRDA:17,2,1,0
BRDA:18,3,0,41
BRDA:18,3,1,34
BRDA:19,4,0,41
BRDA:19,4,1,0
BRDA:37,5,0,14
BRDA:37,5,1,0
BRDA:50,6,0,14
BRDA:50,6,1,0
BRDA:51,7,0,14
BRDA:51,7,1,0
BRDA:63,8,0,12
BRDA:63,8,1,1
BRDA:68,9,0,12
BRDA:68,9,1,1
BRDA:69,10,0,12
BRDA:69,10,1,0
BRDA:81,11,0,4
BRDA:81,11,1,0
BRDA:89,12,0,4
BRDA:89,12,1,0
BRDA:90,13,0,4
BRDA:90,13,1,0
BRDA:108,14,0,1
BRDA:108,14,1,0
BRDA:115,15,0,3
BRDA:115,15,1,0
BRDA:122,16,0,3
BRDA:122,16,1,0
BRDA:123,17,0,3
BRDA:123,17,1,0
BRDA:124,18,0,3
BRDA:124,18,1,0
BRDA:138,19,0,6
BRDA:138,19,1,2
BRDA:150,20,0,4
BRDA:150,20,1,0
BRDA:151,21,0,4
BRDA:151,21,1,0
BRDA:172,22,0,4
BRDA:172,22,1,0
BRDA:186,23,0,4
BRDA:186,23,1,0
BRDA:187,24,0,4
BRDA:187,24,1,0
BRDA:195,25,0,1
BRDA:195,25,1,0
BRDA:198,26,0,0
BRDA:198,26,1,1
BRDA:198,27,0,1
BRDA:198,27,1,1
BRDA:213,28,0,1
BRDA:213,28,1,6
BRDA:213,29,0,7
BRDA:213,29,1,7
BRDA:228,30,0,0
BRDA:228,30,1,2
BRDA:228,31,0,2
BRDA:228,31,1,2
BRF:76
BRH:54
end_of_record
TN:
SF:src/hooks/useBoardState.js
FN:4,useBoardState
FN:12,(anonymous_1)
FN:16,(anonymous_2)
FN:20,(anonymous_3)
FN:25,(anonymous_4)
FN:29,(anonymous_5)
FN:38,(anonymous_6)
FN:44,(anonymous_7)
FN:53,(anonymous_8)
FN:62,(anonymous_9)
FN:66,(anonymous_10)
FN:71,(anonymous_11)
FN:72,(anonymous_12)
FN:75,(anonymous_13)
FN:84,(anonymous_14)
FNF:15
FNH:11
FNDA:160,useBoardState
FNDA:3,(anonymous_1)
FNDA:0,(anonymous_2)
FNDA:0,(anonymous_3)
FNDA:19,(anonymous_4)
FNDA:5,(anonymous_5)
FNDA:4,(anonymous_6)
FNDA:1,(anonymous_7)
FNDA:0,(anonymous_8)
FNDA:2,(anonymous_9)
FNDA:2,(anonymous_10)
FNDA:3,(anonymous_11)
FNDA:1,(anonymous_12)
FNDA:1,(anonymous_13)
FNDA:0,(anonymous_14)
DA:5,160
DA:6,160
DA:7,2
DA:9,158
DA:11,158
DA:12,3
DA:15,158
DA:16,0
DA:19,158
DA:20,0
DA:24,158
DA:25,19
DA:28,158
DA:30,5
DA:37,158
DA:39,4
DA:43,158
DA:45,1
DA:52,158
DA:54,0
DA:61,158
DA:62,2
DA:65,158
DA:67,2
DA:71,158
DA:72,158
DA:74,158
DA:76,1
DA:83,158
DA:85,0
DA:89,158
LF:31
LH:27
BRDA:6,0,0,2
BRDA:6,0,1,158
BRDA:29,1,0,4
BRF:3
BRH:3
end_of_record
TN:
SF:src/hooks/useOfflineSync.js
FN:15,useOfflineSync
FN:23,(anonymous_1)
FN:29,(anonymous_2)
FN:30,hydrateAndMigrate
FN:63,(anonymous_4)
FN:70,(anonymous_5)
FN:115,(anonymous_6)
FN:117,(anonymous_7)
FN:122,(anonymous_8)
FN:124,(anonymous_9)
FN:129,(anonymous_10)
FN:132,(anonymous_11)
FN:135,(anonymous_12)
FNF:13
FNH:10
FNDA:9,useOfflineSync
FNDA:9,(anonymous_1)
FNDA:7,(anonymous_2)
FNDA:7,hydrateAndMigrate
FNDA:9,(anonymous_4)
FNDA:0,(anonymous_5)
FNDA:7,(anonymous_6)
FNDA:7,(anonymous_7)
FNDA:7,(anonymous_8)
FNDA:7,(anonymous_9)
FNDA:9,(anonymous_10)
FNDA:0,(anonymous_11)
FNDA:0,(anonymous_12)
DA:16,9
DA:18,9
DA:19,9
DA:20,9
DA:23,9
DA:24,9
DA:29,9
DA:32,7
DA:33,7
DA:35,7
DA:36,7
DA:38,7
DA:40,3
DA:45,3
DA:47,3
DA:49,3
DA:50,2
DA:58,7
DA:63,9
DA:64,9
DA:65,9
DA:70,9
DA:71,0
DA:72,0
DA:74,0
DA:75,0
DA:77,0
DA:79,0
DA:81,0
DA:82,0
DA:83,0
DA:84,0
DA:85,0
DA:88,0
DA:93,0
DA:95,0
DA:96,0
DA:99,0
DA:102,0
DA:106,0
DA:107,0
DA:109,0
DA:115,9
DA:116,7
DA:117,7
DA:122,9
DA:123,7
DA:124,7
DA:129,9
DA:130,9
DA:132,0
DA:133,0
DA:135,0
LF:53
LH:30
BRDA:32,0,0,0
BRDA:32,0,1,7
BRDA:38,1,0,4
BRDA:38,1,1,3
BRDA:42,2,0,3
BRDA:42,2,1,0
BRDA:45,3,0,0
BRDA:45,3,1,3
BRDA:49,4,0,2
BRDA:49,4,1,1
BRDA:71,5,0,0
BRDA:71,5,1,0
BRDA:72,6,0,0
BRDA:72,6,1,0
BRDA:75,7,0,0
BRDA:75,7,1,0
BRDA:75,8,0,0
BRDA:75,8,1,0
BRDA:88,9,0,0
BRDA:88,9,1,0
BRDA:93,10,0,0
BRDA:93,10,1,0
BRDA:130,11,0,0
BRDA:130,11,1,9
BRDA:130,12,0,9
BRDA:130,12,1,9
BRDA:130,12,2,0
BRF:27
BRH:10
end_of_record
TN:
SF:src/services/api.js
FN:5,delay
FN:6,(anonymous_1)
FN:10,shouldFail
FN:16,syncAction
FN:54,getServerState
FN:71,migrateSnapshot
FNF:6
FNH:0
FNDA:0,delay
FNDA:0,(anonymous_1)
FNDA:0,shouldFail
FNDA:0,syncAction
FNDA:0,getServerState
FNDA:0,migrateSnapshot
DA:1,1
DA:6,0
DA:11,0
DA:17,0
DA:19,0
DA:20,0
DA:25,0
DA:31,0
DA:37,0
DA:38,0
DA:39,0
DA:40,0
DA:41,0
DA:42,0
DA:45,0
DA:46,0
DA:49,0
DA:55,0
DA:56,0
DA:58,0
DA:59,0
DA:62,0
DA:64,0
DA:65,0
DA:72,0
DA:78,0
DA:79,0
DA:82,0
LF:28
LH:1
BRDA:19,0,0,0
BRDA:19,0,1,0
BRDA:37,1,0,0
BRDA:37,1,1,0
BRDA:45,2,0,0
BRDA:45,2,1,0
BRDA:58,3,0,0
BRDA:58,3,1,0
BRDA:78,4,0,0
BRDA:78,4,1,0
BRF:10
BRH:0
end_of_record
TN:
SF:src/services/storage.js
FN:10,openDB
FN:11,(anonymous_1)
FN:14,(anonymous_2)
FN:26,(anonymous_3)
FN:27,(anonymous_4)
FN:34,saveBoardState
FN:37,(anonymous_6)
FN:43,(anonymous_7)
FN:44,(anonymous_8)
FN:51,loadBoardState
FN:54,(anonymous_10)
FN:60,(anonymous_11)
FN:61,(anonymous_12)
FN:68,saveSyncQueue
FN:71,(anonymous_14)
FN:77,(anonymous_15)
FN:78,(anonymous_16)
FN:85,loadSyncQueue
FN:88,(anonymous_18)
FN:94,(anonymous_19)
FN:95,(anonymous_20)
FN:102,clearStorage
FN:105,(anonymous_22)
FN:111,(anonymous_23)
FN:112,(anonymous_24)
FNF:25
FNH:0
FNDA:0,openDB
FNDA:0,(anonymous_1)
FNDA:0,(anonymous_2)
FNDA:0,(anonymous_3)
FNDA:0,(anonymous_4)
FNDA:0,saveBoardState
FNDA:0,(anonymous_6)
FNDA:0,(anonymous_7)
FNDA:0,(anonymous_8)
FNDA:0,loadBoardState
FNDA:0,(anonymous_10)
FNDA:0,(anonymous_11)
FNDA:0,(anonymous_12)
FNDA:0,saveSyncQueue
FNDA:0,(anonymous_14)
FNDA:0,(anonymous_15)
FNDA:0,(anonymous_16)
FNDA:0,loadSyncQueue
FNDA:0,(anonymous_18)
FNDA:0,(anonymous_19)
FNDA:0,(anonymous_20)
FNDA:0,clearStorage
FNDA:0,(anonymous_22)
FNDA:0,(anonymous_23)
FNDA:0,(anonymous_24)
DA:1,1
DA:2,1
DA:4,1
DA:5,1
DA:11,0
DA:12,0
DA:14,0
DA:15,0
DA:17,0
DA:18,0
DA:21,0
DA:22,0
DA:26,0
DA:27,0
DA:35,0
DA:37,0
DA:38,0
DA:39,0
DA:41,0
DA:43,0
DA:44,0
DA:52,0
DA:54,0
DA:55,0
DA:56,0
DA:58,0
DA:60,0
DA:61,0
DA:69,0
DA:71,0
DA:72,0
DA:73,0
DA:75,0
DA:77,0
DA:78,0
DA:86,0
DA:88,0
DA:89,0
DA:90,0
DA:92,0
DA:94,0
DA:95,0
DA:103,0
DA:105,0
DA:106,0
DA:108,0
DA:109,0
DA:111,0
DA:112,0
LF:49
LH:4
BRDA:17,0,0,0
BRDA:17,0,1,0
BRDA:21,1,0,0
BRDA:21,1,1,0
BRDA:60,2,0,0
BRDA:60,2,1,0
BRDA:94,3,0,0
BRDA:94,3,1,0
BRF:8
BRH:0
end_of_record
TN:
SF:src/utils/models.js
FN:6,now
FN:15,createList
FN:34,createCard
FN:50,createEmptyBoardState
FN:66,createSyncQueueItem
FN:88,createBoardSnapshot
FNF:6
FNH:5
FNDA:74,now
FNDA:53,createList
FNDA:21,createCard
FNDA:69,createEmptyBoardState
FNDA:0,createSyncQueueItem
FNDA:92,createBoardSnapshot
DA:7,74
DA:16,53
DA:35,21
DA:51,69
DA:73,0
DA:89,92
LF:6
LH:5
BRDA:34,0,0,3
BRDA:34,1,0,3
BRF:2
BRH:2
end_of_record
